[Info]2019/10/19 14:59:29 handler.go 27 [初始化handler模块!]
[Info]2019/10/19 14:59:29 main.go 54 [test123]
[Error Report]2019/10/19 14:59:29 Get http://localhost:8080/errorReport?info=我来看看有没有错误!: dial tcp [::1]:8080: connect: connection refused
[Error]2019/10/19 14:59:29 main.go 55 [我来看看有没有错误!]
[Heart]2019/10/19 14:59:39 myLog.go 50 [pong pong pong ...]
[Heart]2019/10/19 14:59:49 myLog.go 50 [pong pong pong ...]
[Heart]2019/10/19 14:59:59 myLog.go 50 [pong pong pong ...]
[Heart]2019/10/19 15:00:09 myLog.go 50 [pong pong pong ...]
[Heart]2019/10/19 15:00:19 myLog.go 50 [pong pong pong ...]
[Heart]2019/10/19 15:00:29 myLog.go 50 [pong pong pong ...]
[Heart]2019/10/19 15:00:39 myLog.go 50 [pong pong pong ...]
[Heart]2019/10/19 15:00:49 myLog.go 50 [pong pong pong ...]
[Heart]2019/10/19 15:00:59 myLog.go 50 [pong pong pong ...]
[Heart]2019/10/19 15:01:09 myLog.go 50 [pong pong pong ...]
[Heart]2019/10/19 15:01:19 myLog.go 50 [pong pong pong ...]
[Heart]2019/10/19 15:01:29 myLog.go 50 [pong pong pong ...]
[Heart]2019/10/19 15:01:39 myLog.go 50 [pong pong pong ...]
[Heart]2019/10/19 15:01:49 myLog.go 50 [pong pong pong ...]
[Heart]2019/10/19 15:01:59 myLog.go 50 [pong pong pong ...]
[Heart]2019/10/19 15:02:09 myLog.go 50 [pong pong pong ...]
[Heart]2019/10/19 15:02:19 myLog.go 50 [pong pong pong ...]
[Heart]2019/10/19 15:02:29 myLog.go 50 [pong pong pong ...]
[Heart]2019/10/19 15:02:39 myLog.go 50 [pong pong pong ...]
[Heart]2019/10/19 15:02:49 myLog.go 50 [pong pong pong ...]
[Heart]2019/10/19 15:02:59 myLog.go 50 [pong pong pong ...]
[Heart]2019/10/19 15:03:09 myLog.go 50 [pong pong pong ...]
[Heart]2019/10/19 15:03:19 myLog.go 50 [pong pong pong ...]
[Heart]2019/10/19 15:03:29 myLog.go 50 [pong pong pong ...]
[Heart]2019/10/19 15:03:39 myLog.go 50 [pong pong pong ...]
[Heart]2019/10/19 15:03:49 myLog.go 50 [pong pong pong ...]
[Heart]2019/10/19 15:03:59 myLog.go 50 [pong pong pong ...]
[Heart]2019/10/19 15:04:09 myLog.go 50 [pong pong pong ...]
[Heart]2019/10/19 15:04:19 myLog.go 50 [pong pong pong ...]
[Heart]2019/10/19 15:04:29 myLog.go 50 [pong pong pong ...]
[Heart]2019/10/19 15:04:39 myLog.go 50 [pong pong pong ...]
[Heart]2019/10/19 15:04:49 myLog.go 50 [pong pong pong ...]
[Heart]2019/10/19 15:04:59 myLog.go 50 [pong pong pong ...]
[Heart]2019/10/19 15:05:09 myLog.go 50 [pong pong pong ...]
[Heart]2019/10/19 15:05:19 myLog.go 50 [pong pong pong ...]
[Heart]2019/10/19 15:05:29 myLog.go 50 [pong pong pong ...]
[Heart]2019/10/19 15:05:39 myLog.go 50 [pong pong pong ...]
[Heart]2019/10/19 15:05:49 myLog.go 50 [pong pong pong ...]
[Heart]2019/10/19 15:05:59 myLog.go 50 [pong pong pong ...]
[Heart]2019/10/19 15:06:09 myLog.go 50 [pong pong pong ...]
[Heart]2019/10/19 15:06:19 myLog.go 50 [pong pong pong ...]
[Heart]2019/10/19 15:06:29 myLog.go 50 [pong pong pong ...]
[Heart]2019/10/19 15:06:39 myLog.go 50 [pong pong pong ...]
[Heart]2019/10/19 15:06:49 myLog.go 50 [pong pong pong ...]
[Heart]2019/10/19 15:06:59 myLog.go 50 [pong pong pong ...]
[Heart]2019/10/19 15:07:09 myLog.go 50 [pong pong pong ...]
[Heart]2019/10/19 15:07:19 myLog.go 50 [pong pong pong ...]
[Heart]2019/10/19 15:07:29 myLog.go 50 [pong pong pong ...]
[Heart]2019/10/19 15:07:39 myLog.go 50 [pong pong pong ...]
[Heart]2019/10/19 15:07:49 myLog.go 50 [pong pong pong ...]
[Heart]2019/10/19 15:07:59 myLog.go 50 [pong pong pong ...]
[Heart]2019/10/19 15:08:09 myLog.go 50 [pong pong pong ...]
[Heart]2019/10/19 15:08:19 myLog.go 50 [pong pong pong ...]
[Heart]2019/10/19 15:08:29 myLog.go 50 [pong pong pong ...]
[Heart]2019/10/19 15:08:39 myLog.go 50 [pong pong pong ...]
[Heart]2019/10/19 15:08:49 myLog.go 50 [pong pong pong ...]
[Heart]2019/10/19 15:08:59 myLog.go 50 [pong pong pong ...]
[Heart]2019/10/19 15:09:09 myLog.go 50 [pong pong pong ...]
[Heart]2019/10/19 15:09:19 myLog.go 50 [pong pong pong ...]
[Heart]2019/10/19 15:09:29 myLog.go 50 [pong pong pong ...]
[Heart]2019/10/19 15:09:39 myLog.go 50 [pong pong pong ...]
[Heart]2019/10/19 15:09:49 myLog.go 50 [pong pong pong ...]
[Heart]2019/10/19 15:09:59 myLog.go 50 [pong pong pong ...]
[Heart]2019/10/19 15:10:09 myLog.go 50 [pong pong pong ...]
[Heart]2019/10/19 15:10:19 myLog.go 50 [pong pong pong ...]
[Heart]2019/10/19 15:10:29 myLog.go 50 [pong pong pong ...]
[Heart]2019/10/19 15:10:39 myLog.go 50 [pong pong pong ...]
[Heart]2019/10/19 15:10:49 myLog.go 50 [pong pong pong ...]
[Heart]2019/10/19 15:10:59 myLog.go 50 [pong pong pong ...]
[Heart]2019/10/19 15:11:09 myLog.go 50 [pong pong pong ...]
[Heart]2019/10/19 15:11:19 myLog.go 50 [pong pong pong ...]
[Heart]2019/10/19 15:11:29 myLog.go 50 [pong pong pong ...]
[Heart]2019/10/19 15:11:39 myLog.go 50 [pong pong pong ...]
[Heart]2019/10/19 15:11:49 myLog.go 50 [pong pong pong ...]
[Heart]2019/10/19 15:11:59 myLog.go 50 [pong pong pong ...]
[Heart]2019/10/19 15:12:09 myLog.go 50 [pong pong pong ...]
[Heart]2019/10/19 15:12:19 myLog.go 50 [pong pong pong ...]
[Heart]2019/10/19 15:12:29 myLog.go 50 [pong pong pong ...]
[Heart]2019/10/19 15:12:39 myLog.go 50 [pong pong pong ...]
[Heart]2019/10/19 15:12:49 myLog.go 50 [pong pong pong ...]
[Heart]2019/10/19 15:12:59 myLog.go 50 [pong pong pong ...]
[Heart]2019/10/19 15:13:09 myLog.go 50 [pong pong pong ...]
[Heart]2019/10/19 15:13:19 myLog.go 50 [pong pong pong ...]
[Heart]2019/10/19 15:13:29 myLog.go 50 [pong pong pong ...]
[Heart]2019/10/19 15:13:39 myLog.go 50 [pong pong pong ...]
[Heart]2019/10/19 15:13:49 myLog.go 50 [pong pong pong ...]
[Heart]2019/10/19 15:13:59 myLog.go 50 [pong pong pong ...]
[Heart]2019/10/19 15:14:09 myLog.go 50 [pong pong pong ...]
[Heart]2019/10/19 15:14:19 myLog.go 50 [pong pong pong ...]
[Heart]2019/10/19 15:14:29 myLog.go 50 [pong pong pong ...]
[Heart]2019/10/19 15:14:39 myLog.go 50 [pong pong pong ...]
[Heart]2019/10/19 15:14:49 myLog.go 50 [pong pong pong ...]
[Heart]2019/10/19 15:14:59 myLog.go 50 [pong pong pong ...]
[Heart]2019/10/19 15:15:09 myLog.go 50 [pong pong pong ...]
[Heart]2019/10/19 15:15:19 myLog.go 50 [pong pong pong ...]
[Heart]2019/10/19 15:15:29 myLog.go 50 [pong pong pong ...]
[Heart]2019/10/19 15:15:39 myLog.go 50 [pong pong pong ...]
[Heart]2019/10/19 15:15:49 myLog.go 50 [pong pong pong ...]
[Heart]2019/10/19 15:15:59 myLog.go 50 [pong pong pong ...]
[Heart]2019/10/19 15:16:09 myLog.go 50 [pong pong pong ...]
[Heart]2019/10/19 15:16:19 myLog.go 50 [pong pong pong ...]
[Heart]2019/10/19 15:16:29 myLog.go 50 [pong pong pong ...]
[Heart]2019/10/19 15:16:39 myLog.go 50 [pong pong pong ...]
[Heart]2019/10/19 15:16:49 myLog.go 50 [pong pong pong ...]
[Heart]2019/10/19 15:16:59 myLog.go 50 [pong pong pong ...]
[Heart]2019/10/19 15:17:09 myLog.go 50 [pong pong pong ...]
[Heart]2019/10/19 15:17:19 myLog.go 50 [pong pong pong ...]
[Heart]2019/10/19 15:17:29 myLog.go 50 [pong pong pong ...]
[Heart]2019/10/19 15:17:39 myLog.go 50 [pong pong pong ...]
[Heart]2019/10/19 15:17:49 myLog.go 50 [pong pong pong ...]
[Heart]2019/10/19 15:17:59 myLog.go 50 [pong pong pong ...]
[Heart]2019/10/19 15:18:09 myLog.go 50 [pong pong pong ...]
[Heart]2019/10/19 15:18:19 myLog.go 50 [pong pong pong ...]
[Heart]2019/10/19 15:18:29 myLog.go 50 [pong pong pong ...]
[Heart]2019/10/19 15:18:39 myLog.go 50 [pong pong pong ...]
[Heart]2019/10/19 15:18:49 myLog.go 50 [pong pong pong ...]
[Heart]2019/10/19 15:18:59 myLog.go 50 [pong pong pong ...]
[Heart]2019/10/19 15:19:09 myLog.go 50 [pong pong pong ...]
[Heart]2019/10/19 15:19:19 myLog.go 50 [pong pong pong ...]
[Heart]2019/10/19 15:19:29 myLog.go 50 [pong pong pong ...]
[Heart]2019/10/19 15:19:39 myLog.go 50 [pong pong pong ...]
[Heart]2019/10/19 15:19:49 myLog.go 50 [pong pong pong ...]
[Heart]2019/10/19 15:19:59 myLog.go 50 [pong pong pong ...]
[Heart]2019/10/19 15:20:09 myLog.go 50 [pong pong pong ...]
[Heart]2019/10/19 15:20:19 myLog.go 50 [pong pong pong ...]
[Heart]2019/10/19 15:20:29 myLog.go 50 [pong pong pong ...]
[Heart]2019/10/19 15:20:39 myLog.go 50 [pong pong pong ...]
[Heart]2019/10/19 15:20:49 myLog.go 50 [pong pong pong ...]
[Heart]2019/10/19 15:20:59 myLog.go 50 [pong pong pong ...]
[Heart]2019/10/19 15:21:09 myLog.go 50 [pong pong pong ...]
[Heart]2019/10/19 15:21:19 myLog.go 50 [pong pong pong ...]
[Heart]2019/10/19 15:21:29 myLog.go 50 [pong pong pong ...]
[Heart]2019/10/19 15:21:39 myLog.go 50 [pong pong pong ...]
[Heart]2019/10/19 15:21:49 myLog.go 50 [pong pong pong ...]
[Heart]2019/10/19 15:21:59 myLog.go 50 [pong pong pong ...]
[Heart]2019/10/19 15:22:09 myLog.go 50 [pong pong pong ...]
[Heart]2019/10/19 15:22:19 myLog.go 50 [pong pong pong ...]
[Heart]2019/10/19 15:22:29 myLog.go 50 [pong pong pong ...]
[Heart]2019/10/19 15:22:39 myLog.go 50 [pong pong pong ...]
[Heart]2019/10/19 15:22:49 myLog.go 50 [pong pong pong ...]
[Heart]2019/10/19 15:22:59 myLog.go 50 [pong pong pong ...]
[Heart]2019/10/19 15:23:09 myLog.go 50 [pong pong pong ...]
[Heart]2019/10/19 15:23:19 myLog.go 50 [pong pong pong ...]
[Heart]2019/10/19 15:23:29 myLog.go 50 [pong pong pong ...]
[Heart]2019/10/19 15:23:39 myLog.go 50 [pong pong pong ...]
[Heart]2019/10/19 15:23:49 myLog.go 50 [pong pong pong ...]
[Heart]2019/10/19 15:23:59 myLog.go 50 [pong pong pong ...]
[Heart]2019/10/19 15:24:09 myLog.go 50 [pong pong pong ...]
[Heart]2019/10/19 15:24:19 myLog.go 50 [pong pong pong ...]
[Heart]2019/10/19 15:24:29 myLog.go 50 [pong pong pong ...]
[Heart]2019/10/19 15:24:39 myLog.go 50 [pong pong pong ...]
[Heart]2019/10/19 15:24:49 myLog.go 50 [pong pong pong ...]
[Heart]2019/10/19 15:24:59 myLog.go 50 [pong pong pong ...]
[Heart]2019/10/19 15:25:09 myLog.go 50 [pong pong pong ...]
[Heart]2019/10/19 15:25:19 myLog.go 50 [pong pong pong ...]
[Heart]2019/10/19 15:25:29 myLog.go 50 [pong pong pong ...]
[Heart]2019/10/19 15:25:39 myLog.go 50 [pong pong pong ...]
[Heart]2019/10/19 15:25:49 myLog.go 50 [pong pong pong ...]
[Heart]2019/10/19 15:25:59 myLog.go 50 [pong pong pong ...]
[Heart]2019/10/19 15:26:09 myLog.go 50 [pong pong pong ...]
[Heart]2019/10/19 15:26:19 myLog.go 50 [pong pong pong ...]
[Heart]2019/10/19 15:26:29 myLog.go 50 [pong pong pong ...]
[Heart]2019/10/19 15:26:39 myLog.go 50 [pong pong pong ...]
[Heart]2019/10/19 15:26:49 myLog.go 50 [pong pong pong ...]
[Heart]2019/10/19 15:26:59 myLog.go 50 [pong pong pong ...]
[Heart]2019/10/19 15:27:09 myLog.go 50 [pong pong pong ...]
[Heart]2019/10/19 15:27:19 myLog.go 50 [pong pong pong ...]
[Heart]2019/10/19 15:27:29 myLog.go 50 [pong pong pong ...]
[Heart]2019/10/19 15:27:39 myLog.go 50 [pong pong pong ...]
[Heart]2019/10/19 15:27:49 myLog.go 50 [pong pong pong ...]
[Heart]2019/10/19 15:27:59 myLog.go 50 [pong pong pong ...]
[Heart]2019/10/19 15:28:09 myLog.go 50 [pong pong pong ...]
[Heart]2019/10/19 15:28:19 myLog.go 50 [pong pong pong ...]
[Heart]2019/10/19 15:28:29 myLog.go 50 [pong pong pong ...]
[Heart]2019/10/19 15:28:39 myLog.go 50 [pong pong pong ...]
[Heart]2019/10/19 15:28:49 myLog.go 50 [pong pong pong ...]
[Heart]2019/10/19 15:28:59 myLog.go 50 [pong pong pong ...]
[Heart]2019/10/19 15:29:09 myLog.go 50 [pong pong pong ...]
[Heart]2019/10/19 15:29:19 myLog.go 50 [pong pong pong ...]
[Heart]2019/10/19 15:29:29 myLog.go 50 [pong pong pong ...]
[Heart]2019/10/19 15:29:39 myLog.go 50 [pong pong pong ...]
[Heart]2019/10/19 15:29:49 myLog.go 50 [pong pong pong ...]
[Heart]2019/10/19 15:29:59 myLog.go 50 [pong pong pong ...]
[Heart]2019/10/19 15:30:09 myLog.go 50 [pong pong pong ...]
[Heart]2019/10/19 15:30:19 myLog.go 50 [pong pong pong ...]
[Heart]2019/10/19 15:30:29 myLog.go 50 [pong pong pong ...]
[Heart]2019/10/19 15:30:39 myLog.go 50 [pong pong pong ...]
[Heart]2019/10/19 15:30:49 myLog.go 50 [pong pong pong ...]
[Heart]2019/10/19 15:30:59 myLog.go 50 [pong pong pong ...]
[Heart]2019/10/19 15:31:09 myLog.go 50 [pong pong pong ...]
[Heart]2019/10/19 15:31:19 myLog.go 50 [pong pong pong ...]
[Heart]2019/10/19 15:31:29 myLog.go 50 [pong pong pong ...]
[Heart]2019/10/19 15:31:39 myLog.go 50 [pong pong pong ...]
[Heart]2019/10/19 15:31:49 myLog.go 50 [pong pong pong ...]
[Heart]2019/10/19 15:31:59 myLog.go 50 [pong pong pong ...]
[Heart]2019/10/19 15:32:09 myLog.go 50 [pong pong pong ...]
[Heart]2019/10/19 15:32:19 myLog.go 50 [pong pong pong ...]
[Heart]2019/10/19 15:32:29 myLog.go 50 [pong pong pong ...]
[Heart]2019/10/19 15:32:39 myLog.go 50 [pong pong pong ...]
[Heart]2019/10/19 15:32:49 myLog.go 50 [pong pong pong ...]
[Heart]2019/10/19 15:32:59 myLog.go 50 [pong pong pong ...]
[Heart]2019/10/19 15:33:09 myLog.go 50 [pong pong pong ...]
[Heart]2019/10/19 15:33:19 myLog.go 50 [pong pong pong ...]
[Heart]2019/10/19 15:33:29 myLog.go 50 [pong pong pong ...]
[Heart]2019/10/19 15:33:39 myLog.go 50 [pong pong pong ...]
[Heart]2019/10/19 15:33:49 myLog.go 50 [pong pong pong ...]
[Heart]2019/10/19 15:33:59 myLog.go 50 [pong pong pong ...]
[Heart]2019/10/19 15:34:09 myLog.go 50 [pong pong pong ...]
[Heart]2019/10/19 15:34:19 myLog.go 50 [pong pong pong ...]
[Heart]2019/10/19 15:34:29 myLog.go 50 [pong pong pong ...]
[Heart]2019/10/19 15:34:39 myLog.go 50 [pong pong pong ...]
[Heart]2019/10/19 15:34:49 myLog.go 50 [pong pong pong ...]
[Heart]2019/10/19 15:34:59 myLog.go 50 [pong pong pong ...]
[Heart]2019/10/19 15:35:09 myLog.go 50 [pong pong pong ...]
[Heart]2019/10/19 15:35:19 myLog.go 50 [pong pong pong ...]
[Heart]2019/10/19 15:35:29 myLog.go 50 [pong pong pong ...]
[Heart]2019/10/19 15:35:39 myLog.go 50 [pong pong pong ...]
[Heart]2019/10/19 15:35:49 myLog.go 50 [pong pong pong ...]
[Heart]2019/10/19 15:35:59 myLog.go 50 [pong pong pong ...]
[Heart]2019/10/19 15:36:09 myLog.go 50 [pong pong pong ...]
[Heart]2019/10/19 15:36:19 myLog.go 50 [pong pong pong ...]
[Heart]2019/10/19 15:36:29 myLog.go 50 [pong pong pong ...]
[Heart]2019/10/19 15:36:39 myLog.go 50 [pong pong pong ...]
[Heart]2019/10/19 15:36:49 myLog.go 50 [pong pong pong ...]
[Heart]2019/10/19 15:36:59 myLog.go 50 [pong pong pong ...]
[Heart]2019/10/19 15:37:09 myLog.go 50 [pong pong pong ...]
[Heart]2019/10/19 15:37:19 myLog.go 50 [pong pong pong ...]
[Heart]2019/10/19 15:37:29 myLog.go 50 [pong pong pong ...]
[Heart]2019/10/19 15:37:39 myLog.go 50 [pong pong pong ...]
[Heart]2019/10/19 15:37:49 myLog.go 50 [pong pong pong ...]
[Heart]2019/10/19 15:37:59 myLog.go 50 [pong pong pong ...]
[Heart]2019/10/19 15:38:09 myLog.go 50 [pong pong pong ...]
[Heart]2019/10/19 15:38:19 myLog.go 50 [pong pong pong ...]
[Heart]2019/10/19 15:38:29 myLog.go 50 [pong pong pong ...]
[Heart]2019/10/19 15:38:39 myLog.go 50 [pong pong pong ...]
[Heart]2019/10/19 15:38:49 myLog.go 50 [pong pong pong ...]
[Heart]2019/10/19 15:38:59 myLog.go 50 [pong pong pong ...]
[Heart]2019/10/19 15:39:09 myLog.go 50 [pong pong pong ...]
[Heart]2019/10/19 15:39:19 myLog.go 50 [pong pong pong ...]
[Heart]2019/10/19 15:39:29 myLog.go 50 [pong pong pong ...]
[Heart]2019/10/19 15:39:39 myLog.go 50 [pong pong pong ...]
[Heart]2019/10/19 15:39:49 myLog.go 50 [pong pong pong ...]
[Heart]2019/10/19 15:39:59 myLog.go 50 [pong pong pong ...]
[Heart]2019/10/19 15:40:09 myLog.go 50 [pong pong pong ...]
[Heart]2019/10/19 15:40:19 myLog.go 50 [pong pong pong ...]
[Heart]2019/10/19 15:40:29 myLog.go 50 [pong pong pong ...]
[Heart]2019/10/19 15:40:39 myLog.go 50 [pong pong pong ...]
[Heart]2019/10/19 15:40:49 myLog.go 50 [pong pong pong ...]
[Heart]2019/10/19 15:40:59 myLog.go 50 [pong pong pong ...]
[Heart]2019/10/19 15:41:09 myLog.go 50 [pong pong pong ...]
[Heart]2019/10/19 15:41:19 myLog.go 50 [pong pong pong ...]
[Heart]2019/10/19 15:41:29 myLog.go 50 [pong pong pong ...]
[Heart]2019/10/19 15:41:39 myLog.go 50 [pong pong pong ...]
[Heart]2019/10/19 15:41:49 myLog.go 50 [pong pong pong ...]
[Heart]2019/10/19 15:41:59 myLog.go 50 [pong pong pong ...]
[Heart]2019/10/19 15:42:09 myLog.go 50 [pong pong pong ...]
[Heart]2019/10/19 15:42:19 myLog.go 50 [pong pong pong ...]
[Heart]2019/10/19 15:42:29 myLog.go 50 [pong pong pong ...]
[Heart]2019/10/19 15:42:39 myLog.go 50 [pong pong pong ...]
[Heart]2019/10/19 15:42:49 myLog.go 50 [pong pong pong ...]
[Heart]2019/10/19 15:42:59 myLog.go 50 [pong pong pong ...]
[Heart]2019/10/19 15:43:09 myLog.go 50 [pong pong pong ...]
[Heart]2019/10/19 15:43:19 myLog.go 50 [pong pong pong ...]
[Heart]2019/10/19 15:43:29 myLog.go 50 [pong pong pong ...]
[Heart]2019/10/19 15:43:39 myLog.go 50 [pong pong pong ...]
[Heart]2019/10/19 15:43:49 myLog.go 50 [pong pong pong ...]
[Heart]2019/10/19 15:43:59 myLog.go 50 [pong pong pong ...]
[Heart]2019/10/19 15:44:09 myLog.go 50 [pong pong pong ...]
[Heart]2019/10/19 15:44:19 myLog.go 50 [pong pong pong ...]
[Heart]2019/10/19 15:44:29 myLog.go 50 [pong pong pong ...]
[Heart]2019/10/19 15:44:39 myLog.go 50 [pong pong pong ...]
[Heart]2019/10/19 15:44:49 myLog.go 50 [pong pong pong ...]
[Heart]2019/10/19 15:44:59 myLog.go 50 [pong pong pong ...]
[Heart]2019/10/19 15:45:09 myLog.go 50 [pong pong pong ...]
[Heart]2019/10/19 15:45:19 myLog.go 50 [pong pong pong ...]
[Heart]2019/10/19 15:45:29 myLog.go 50 [pong pong pong ...]
[Heart]2019/10/19 15:45:39 myLog.go 50 [pong pong pong ...]
[Heart]2019/10/19 15:45:49 myLog.go 50 [pong pong pong ...]
[Heart]2019/10/19 15:45:59 myLog.go 50 [pong pong pong ...]
[Heart]2019/10/19 15:46:09 myLog.go 50 [pong pong pong ...]
[Heart]2019/10/19 15:46:19 myLog.go 50 [pong pong pong ...]
[Heart]2019/10/19 15:46:29 myLog.go 50 [pong pong pong ...]
[Heart]2019/10/19 15:46:39 myLog.go 50 [pong pong pong ...]
[Heart]2019/10/19 15:46:49 myLog.go 50 [pong pong pong ...]
[Heart]2019/10/19 15:46:59 myLog.go 50 [pong pong pong ...]
[Heart]2019/10/19 15:47:09 myLog.go 50 [pong pong pong ...]
[Heart]2019/10/19 15:47:19 myLog.go 50 [pong pong pong ...]
[Heart]2019/10/19 15:47:29 myLog.go 50 [pong pong pong ...]
[Heart]2019/10/19 15:47:39 myLog.go 50 [pong pong pong ...]
[Heart]2019/10/19 15:47:49 myLog.go 50 [pong pong pong ...]
[Heart]2019/10/19 15:47:59 myLog.go 50 [pong pong pong ...]
[Heart]2019/10/19 15:48:09 myLog.go 50 [pong pong pong ...]
[Heart]2019/10/19 15:48:19 myLog.go 50 [pong pong pong ...]
[Heart]2019/10/19 15:48:29 myLog.go 50 [pong pong pong ...]
[Heart]2019/10/19 15:48:39 myLog.go 50 [pong pong pong ...]
[Heart]2019/10/19 15:48:49 myLog.go 50 [pong pong pong ...]
[Heart]2019/10/19 15:48:59 myLog.go 50 [pong pong pong ...]
[Heart]2019/10/19 15:49:09 myLog.go 50 [pong pong pong ...]
[Heart]2019/10/19 15:49:19 myLog.go 50 [pong pong pong ...]
[Heart]2019/10/19 15:49:29 myLog.go 50 [pong pong pong ...]
[Heart]2019/10/19 15:49:39 myLog.go 50 [pong pong pong ...]
[Heart]2019/10/19 15:49:49 myLog.go 50 [pong pong pong ...]
[Heart]2019/10/19 15:49:59 myLog.go 50 [pong pong pong ...]
[Heart]2019/10/19 15:50:09 myLog.go 50 [pong pong pong ...]
[Heart]2019/10/19 15:50:19 myLog.go 50 [pong pong pong ...]
[Heart]2019/10/19 15:50:29 myLog.go 50 [pong pong pong ...]
[Heart]2019/10/19 15:50:39 myLog.go 50 [pong pong pong ...]
[Heart]2019/10/19 15:50:49 myLog.go 50 [pong pong pong ...]
[Heart]2019/10/19 15:50:59 myLog.go 50 [pong pong pong ...]
[Heart]2019/10/19 15:51:09 myLog.go 50 [pong pong pong ...]
[Heart]2019/10/19 15:51:19 myLog.go 50 [pong pong pong ...]
[Heart]2019/10/19 15:51:29 myLog.go 50 [pong pong pong ...]
[Heart]2019/10/19 15:51:39 myLog.go 50 [pong pong pong ...]
[Heart]2019/10/19 15:51:49 myLog.go 50 [pong pong pong ...]
[Heart]2019/10/19 15:51:59 myLog.go 50 [pong pong pong ...]
[Heart]2019/10/19 15:52:09 myLog.go 50 [pong pong pong ...]
[Heart]2019/10/19 15:52:19 myLog.go 50 [pong pong pong ...]
[Heart]2019/10/19 15:52:29 myLog.go 50 [pong pong pong ...]
[Heart]2019/10/19 15:52:39 myLog.go 50 [pong pong pong ...]
[Heart]2019/10/19 15:52:49 myLog.go 50 [pong pong pong ...]
[Heart]2019/10/19 15:52:59 myLog.go 50 [pong pong pong ...]
[Heart]2019/10/19 15:53:09 myLog.go 50 [pong pong pong ...]
[Heart]2019/10/19 15:53:19 myLog.go 50 [pong pong pong ...]
[Heart]2019/10/19 15:53:29 myLog.go 50 [pong pong pong ...]
[Heart]2019/10/19 15:53:39 myLog.go 50 [pong pong pong ...]
[Heart]2019/10/19 15:53:49 myLog.go 50 [pong pong pong ...]
[Heart]2019/10/19 15:53:59 myLog.go 50 [pong pong pong ...]
[Heart]2019/10/19 15:54:09 myLog.go 50 [pong pong pong ...]
[Heart]2019/10/19 15:54:19 myLog.go 50 [pong pong pong ...]
[Heart]2019/10/19 15:54:29 myLog.go 50 [pong pong pong ...]
[Heart]2019/10/19 15:54:39 myLog.go 50 [pong pong pong ...]
[Heart]2019/10/19 15:54:49 myLog.go 50 [pong pong pong ...]
[Heart]2019/10/19 15:54:59 myLog.go 50 [pong pong pong ...]
[Heart]2019/10/19 15:55:09 myLog.go 50 [pong pong pong ...]
[Heart]2019/10/19 15:55:19 myLog.go 50 [pong pong pong ...]
[Heart]2019/10/19 15:55:29 myLog.go 50 [pong pong pong ...]
[Heart]2019/10/19 15:55:39 myLog.go 50 [pong pong pong ...]
[Heart]2019/10/19 15:55:49 myLog.go 50 [pong pong pong ...]
[Heart]2019/10/19 15:55:59 myLog.go 50 [pong pong pong ...]
[Heart]2019/10/19 15:56:09 myLog.go 50 [pong pong pong ...]
[Heart]2019/10/19 15:56:19 myLog.go 50 [pong pong pong ...]
[Heart]2019/10/19 15:56:29 myLog.go 50 [pong pong pong ...]
[Heart]2019/10/19 15:56:39 myLog.go 50 [pong pong pong ...]
[Heart]2019/10/19 15:56:49 myLog.go 50 [pong pong pong ...]
[Heart]2019/10/19 15:56:59 myLog.go 50 [pong pong pong ...]
[Heart]2019/10/19 15:57:09 myLog.go 50 [pong pong pong ...]
[Heart]2019/10/19 15:57:19 myLog.go 50 [pong pong pong ...]
[Heart]2019/10/19 15:57:29 myLog.go 50 [pong pong pong ...]
[Heart]2019/10/19 15:57:39 myLog.go 50 [pong pong pong ...]
[Heart]2019/10/19 15:57:49 myLog.go 50 [pong pong pong ...]
[Heart]2019/10/19 15:57:59 myLog.go 50 [pong pong pong ...]
[Heart]2019/10/19 15:58:09 myLog.go 50 [pong pong pong ...]
[Heart]2019/10/19 15:58:19 myLog.go 50 [pong pong pong ...]
[Heart]2019/10/19 15:58:29 myLog.go 50 [pong pong pong ...]
[Heart]2019/10/19 15:58:39 myLog.go 50 [pong pong pong ...]
[Heart]2019/10/19 15:58:49 myLog.go 50 [pong pong pong ...]
[Heart]2019/10/19 15:58:59 myLog.go 50 [pong pong pong ...]
[Heart]2019/10/19 15:59:09 myLog.go 50 [pong pong pong ...]
[Heart]2019/10/19 15:59:19 myLog.go 50 [pong pong pong ...]
[Heart]2019/10/19 15:59:29 myLog.go 50 [pong pong pong ...]
[Heart]2019/10/19 15:59:39 myLog.go 50 [pong pong pong ...]
[Heart]2019/10/19 15:59:49 myLog.go 50 [pong pong pong ...]
[Heart]2019/10/19 15:59:59 myLog.go 50 [pong pong pong ...]
[Heart]2019/10/19 16:00:09 myLog.go 50 [pong pong pong ...]
[Heart]2019/10/19 16:00:19 myLog.go 50 [pong pong pong ...]
[Heart]2019/10/19 16:00:29 myLog.go 50 [pong pong pong ...]
[Heart]2019/10/19 16:00:39 myLog.go 50 [pong pong pong ...]
[Heart]2019/10/19 16:00:49 myLog.go 50 [pong pong pong ...]
[Heart]2019/10/19 16:00:59 myLog.go 50 [pong pong pong ...]
[Heart]2019/10/19 16:01:09 myLog.go 50 [pong pong pong ...]
[Heart]2019/10/19 16:01:19 myLog.go 50 [pong pong pong ...]
[Heart]2019/10/19 16:01:29 myLog.go 50 [pong pong pong ...]
[Heart]2019/10/19 16:01:39 myLog.go 50 [pong pong pong ...]
[Heart]2019/10/19 16:01:49 myLog.go 50 [pong pong pong ...]
[Heart]2019/10/19 16:01:59 myLog.go 50 [pong pong pong ...]
[Heart]2019/10/19 16:02:09 myLog.go 50 [pong pong pong ...]
[Heart]2019/10/19 16:02:19 myLog.go 50 [pong pong pong ...]
[Heart]2019/10/19 16:02:29 myLog.go 50 [pong pong pong ...]
[Heart]2019/10/19 16:02:39 myLog.go 50 [pong pong pong ...]
[Heart]2019/10/19 16:02:49 myLog.go 50 [pong pong pong ...]
[Heart]2019/10/19 16:02:59 myLog.go 50 [pong pong pong ...]
[Heart]2019/10/19 16:03:09 myLog.go 50 [pong pong pong ...]
[Heart]2019/10/19 16:03:19 myLog.go 50 [pong pong pong ...]
[Heart]2019/10/19 16:03:29 myLog.go 50 [pong pong pong ...]
[Heart]2019/10/19 16:03:39 myLog.go 50 [pong pong pong ...]
[Heart]2019/10/19 16:03:49 myLog.go 50 [pong pong pong ...]
[Heart]2019/10/19 16:03:59 myLog.go 50 [pong pong pong ...]
[Heart]2019/10/19 16:04:09 myLog.go 50 [pong pong pong ...]
[Heart]2019/10/19 16:04:19 myLog.go 50 [pong pong pong ...]
[Heart]2019/10/19 16:04:29 myLog.go 50 [pong pong pong ...]
[Heart]2019/10/19 16:04:39 myLog.go 50 [pong pong pong ...]
[Heart]2019/10/19 16:04:49 myLog.go 50 [pong pong pong ...]
[Heart]2019/10/19 16:04:59 myLog.go 50 [pong pong pong ...]
[Heart]2019/10/19 16:05:09 myLog.go 50 [pong pong pong ...]
[Heart]2019/10/19 16:05:19 myLog.go 50 [pong pong pong ...]
[Heart]2019/10/19 16:05:29 myLog.go 50 [pong pong pong ...]
[Heart]2019/10/19 16:05:39 myLog.go 50 [pong pong pong ...]
[Heart]2019/10/19 16:05:49 myLog.go 50 [pong pong pong ...]
[Heart]2019/10/19 16:05:59 myLog.go 50 [pong pong pong ...]
[Heart]2019/10/19 16:06:09 myLog.go 50 [pong pong pong ...]
[Heart]2019/10/19 16:06:19 myLog.go 50 [pong pong pong ...]
[Heart]2019/10/19 16:06:29 myLog.go 50 [pong pong pong ...]
[Heart]2019/10/19 16:06:39 myLog.go 50 [pong pong pong ...]
[Heart]2019/10/19 16:06:49 myLog.go 50 [pong pong pong ...]
[Heart]2019/10/19 16:06:59 myLog.go 50 [pong pong pong ...]
[Heart]2019/10/19 16:07:09 myLog.go 50 [pong pong pong ...]
[Heart]2019/10/19 16:07:19 myLog.go 50 [pong pong pong ...]
[Heart]2019/10/19 16:07:29 myLog.go 50 [pong pong pong ...]
[Heart]2019/10/19 16:07:39 myLog.go 50 [pong pong pong ...]
[Heart]2019/10/19 16:07:49 myLog.go 50 [pong pong pong ...]
[Heart]2019/10/19 16:07:59 myLog.go 50 [pong pong pong ...]
[Heart]2019/10/19 16:08:09 myLog.go 50 [pong pong pong ...]
[Heart]2019/10/19 16:08:19 myLog.go 50 [pong pong pong ...]
[Heart]2019/10/19 16:08:29 myLog.go 50 [pong pong pong ...]
[Heart]2019/10/19 16:08:39 myLog.go 50 [pong pong pong ...]
[Heart]2019/10/19 16:08:49 myLog.go 50 [pong pong pong ...]
[Heart]2019/10/19 16:08:59 myLog.go 50 [pong pong pong ...]
[Heart]2019/10/19 16:09:09 myLog.go 50 [pong pong pong ...]
[Heart]2019/10/19 16:09:19 myLog.go 50 [pong pong pong ...]
[Heart]2019/10/19 16:09:29 myLog.go 50 [pong pong pong ...]
[Heart]2019/10/19 16:09:39 myLog.go 50 [pong pong pong ...]
[Heart]2019/10/19 16:09:49 myLog.go 50 [pong pong pong ...]
[Heart]2019/10/19 16:09:59 myLog.go 50 [pong pong pong ...]
[Heart]2019/10/19 16:10:09 myLog.go 50 [pong pong pong ...]
[Heart]2019/10/19 16:10:19 myLog.go 50 [pong pong pong ...]
[Heart]2019/10/19 16:10:29 myLog.go 50 [pong pong pong ...]
[Heart]2019/10/19 16:10:39 myLog.go 50 [pong pong pong ...]
[Heart]2019/10/19 16:10:49 myLog.go 50 [pong pong pong ...]
[Heart]2019/10/19 16:10:59 myLog.go 50 [pong pong pong ...]
[Heart]2019/10/19 16:11:09 myLog.go 50 [pong pong pong ...]
[Heart]2019/10/19 16:11:19 myLog.go 50 [pong pong pong ...]
[Heart]2019/10/19 16:11:29 myLog.go 50 [pong pong pong ...]
[Heart]2019/10/19 16:11:39 myLog.go 50 [pong pong pong ...]
[Heart]2019/10/19 16:11:49 myLog.go 50 [pong pong pong ...]
[Heart]2019/10/19 16:11:59 myLog.go 50 [pong pong pong ...]
[Heart]2019/10/19 16:12:09 myLog.go 50 [pong pong pong ...]
[Heart]2019/10/19 16:12:19 myLog.go 50 [pong pong pong ...]
[Heart]2019/10/19 16:12:29 myLog.go 50 [pong pong pong ...]
[Heart]2019/10/19 16:12:39 myLog.go 50 [pong pong pong ...]
[Heart]2019/10/19 16:12:49 myLog.go 50 [pong pong pong ...]
[Heart]2019/10/19 16:12:59 myLog.go 50 [pong pong pong ...]
[Heart]2019/10/19 16:13:09 myLog.go 50 [pong pong pong ...]
[Heart]2019/10/19 16:13:19 myLog.go 50 [pong pong pong ...]
[Heart]2019/10/19 16:13:29 myLog.go 50 [pong pong pong ...]
[Heart]2019/10/19 16:13:39 myLog.go 50 [pong pong pong ...]
[Heart]2019/10/19 16:13:49 myLog.go 50 [pong pong pong ...]
[Heart]2019/10/19 16:13:59 myLog.go 50 [pong pong pong ...]
[Heart]2019/10/19 16:14:09 myLog.go 50 [pong pong pong ...]
[Heart]2019/10/19 16:14:19 myLog.go 50 [pong pong pong ...]
[Heart]2019/10/19 16:14:29 myLog.go 50 [pong pong pong ...]
[Heart]2019/10/19 16:14:39 myLog.go 50 [pong pong pong ...]
[Heart]2019/10/19 16:14:49 myLog.go 50 [pong pong pong ...]
[Heart]2019/10/19 16:14:59 myLog.go 50 [pong pong pong ...]
[Heart]2019/10/19 16:15:09 myLog.go 50 [pong pong pong ...]
[Heart]2019/10/19 16:15:19 myLog.go 50 [pong pong pong ...]
[Heart]2019/10/19 16:15:29 myLog.go 50 [pong pong pong ...]
[Heart]2019/10/19 16:15:39 myLog.go 50 [pong pong pong ...]
[Heart]2019/10/19 16:15:49 myLog.go 50 [pong pong pong ...]
[Heart]2019/10/19 16:15:59 myLog.go 50 [pong pong pong ...]
[Heart]2019/10/19 16:16:09 myLog.go 50 [pong pong pong ...]
[Heart]2019/10/19 16:16:19 myLog.go 50 [pong pong pong ...]
[Heart]2019/10/19 16:16:29 myLog.go 50 [pong pong pong ...]
[Heart]2019/10/19 16:16:39 myLog.go 50 [pong pong pong ...]
[Heart]2019/10/19 16:16:49 myLog.go 50 [pong pong pong ...]
[Heart]2019/10/19 16:16:59 myLog.go 50 [pong pong pong ...]
[Heart]2019/10/19 16:17:09 myLog.go 50 [pong pong pong ...]
[Heart]2019/10/19 16:17:19 myLog.go 50 [pong pong pong ...]
[Heart]2019/10/19 16:17:29 myLog.go 50 [pong pong pong ...]
[Heart]2019/10/19 16:17:39 myLog.go 50 [pong pong pong ...]
[Heart]2019/10/19 16:17:49 myLog.go 50 [pong pong pong ...]
[Heart]2019/10/19 16:17:59 myLog.go 50 [pong pong pong ...]
[Heart]2019/10/19 16:18:09 myLog.go 50 [pong pong pong ...]
[Heart]2019/10/19 16:18:19 myLog.go 50 [pong pong pong ...]
[Heart]2019/10/19 16:18:29 myLog.go 50 [pong pong pong ...]
[Heart]2019/10/19 16:18:39 myLog.go 50 [pong pong pong ...]
[Heart]2019/10/19 16:18:49 myLog.go 50 [pong pong pong ...]
[Heart]2019/10/19 16:18:59 myLog.go 50 [pong pong pong ...]
[Heart]2019/10/19 16:19:09 myLog.go 50 [pong pong pong ...]
[Heart]2019/10/19 16:19:19 myLog.go 50 [pong pong pong ...]
[Heart]2019/10/19 16:19:29 myLog.go 50 [pong pong pong ...]
[Heart]2019/10/19 16:19:39 myLog.go 50 [pong pong pong ...]
[Heart]2019/10/19 16:19:49 myLog.go 50 [pong pong pong ...]
[Heart]2019/10/19 16:19:59 myLog.go 50 [pong pong pong ...]
[Heart]2019/10/19 16:20:09 myLog.go 50 [pong pong pong ...]
[Heart]2019/10/19 16:20:19 myLog.go 50 [pong pong pong ...]
[Heart]2019/10/19 16:20:29 myLog.go 50 [pong pong pong ...]
[Heart]2019/10/19 16:20:39 myLog.go 50 [pong pong pong ...]
[Heart]2019/10/19 16:20:49 myLog.go 50 [pong pong pong ...]
[Heart]2019/10/19 16:20:59 myLog.go 50 [pong pong pong ...]
[Heart]2019/10/19 16:21:09 myLog.go 50 [pong pong pong ...]
[Heart]2019/10/19 16:21:19 myLog.go 50 [pong pong pong ...]
[Heart]2019/10/19 16:21:29 myLog.go 50 [pong pong pong ...]
[Heart]2019/10/19 16:21:39 myLog.go 50 [pong pong pong ...]
[Heart]2019/10/19 16:21:49 myLog.go 50 [pong pong pong ...]
[Heart]2019/10/19 16:21:59 myLog.go 50 [pong pong pong ...]
[Heart]2019/10/19 16:22:09 myLog.go 50 [pong pong pong ...]
[Heart]2019/10/19 16:22:19 myLog.go 50 [pong pong pong ...]
[Heart]2019/10/19 16:22:29 myLog.go 50 [pong pong pong ...]
[Heart]2019/10/19 16:22:39 myLog.go 50 [pong pong pong ...]
[Heart]2019/10/19 16:22:49 myLog.go 50 [pong pong pong ...]
[Heart]2019/10/19 16:22:59 myLog.go 50 [pong pong pong ...]
[Heart]2019/10/19 16:23:09 myLog.go 50 [pong pong pong ...]
[Heart]2019/10/19 16:23:19 myLog.go 50 [pong pong pong ...]
[Heart]2019/10/19 16:23:29 myLog.go 50 [pong pong pong ...]
[Heart]2019/10/19 16:23:39 myLog.go 50 [pong pong pong ...]
[Heart]2019/10/19 16:23:49 myLog.go 50 [pong pong pong ...]
[Heart]2019/10/19 16:23:59 myLog.go 50 [pong pong pong ...]
[Heart]2019/10/19 16:24:09 myLog.go 50 [pong pong pong ...]
[Heart]2019/10/19 16:24:19 myLog.go 50 [pong pong pong ...]
[Heart]2019/10/19 16:24:29 myLog.go 50 [pong pong pong ...]
[Heart]2019/10/19 16:24:39 myLog.go 50 [pong pong pong ...]
[Heart]2019/10/19 16:24:49 myLog.go 50 [pong pong pong ...]
[Heart]2019/10/19 16:24:59 myLog.go 50 [pong pong pong ...]
[Heart]2019/10/19 16:25:09 myLog.go 50 [pong pong pong ...]
[Heart]2019/10/19 16:25:19 myLog.go 50 [pong pong pong ...]
[Heart]2019/10/19 16:25:29 myLog.go 50 [pong pong pong ...]
[Heart]2019/10/19 16:25:39 myLog.go 50 [pong pong pong ...]
[Heart]2019/10/19 16:25:49 myLog.go 50 [pong pong pong ...]
[Heart]2019/10/19 16:25:59 myLog.go 50 [pong pong pong ...]
[Heart]2019/10/19 16:26:09 myLog.go 50 [pong pong pong ...]
[Heart]2019/10/19 16:26:19 myLog.go 50 [pong pong pong ...]
[Heart]2019/10/19 16:26:29 myLog.go 50 [pong pong pong ...]
[Heart]2019/10/19 16:26:39 myLog.go 50 [pong pong pong ...]
[Heart]2019/10/19 16:26:49 myLog.go 50 [pong pong pong ...]
[Heart]2019/10/19 16:26:59 myLog.go 50 [pong pong pong ...]
[Heart]2019/10/19 16:27:09 myLog.go 50 [pong pong pong ...]
[Heart]2019/10/19 16:27:19 myLog.go 50 [pong pong pong ...]
[Heart]2019/10/19 16:27:29 myLog.go 50 [pong pong pong ...]
[Heart]2019/10/19 16:27:39 myLog.go 50 [pong pong pong ...]
[Heart]2019/10/19 16:27:49 myLog.go 50 [pong pong pong ...]
[Heart]2019/10/19 16:27:59 myLog.go 50 [pong pong pong ...]
[Heart]2019/10/19 16:28:09 myLog.go 50 [pong pong pong ...]
[Heart]2019/10/19 16:28:19 myLog.go 50 [pong pong pong ...]
[Heart]2019/10/19 16:28:29 myLog.go 50 [pong pong pong ...]
[Heart]2019/10/19 16:28:39 myLog.go 50 [pong pong pong ...]
[Heart]2019/10/19 16:28:49 myLog.go 50 [pong pong pong ...]
[Heart]2019/10/19 16:28:59 myLog.go 50 [pong pong pong ...]
[Heart]2019/10/19 16:29:09 myLog.go 50 [pong pong pong ...]
[Heart]2019/10/19 16:29:19 myLog.go 50 [pong pong pong ...]
[Heart]2019/10/19 16:29:29 myLog.go 50 [pong pong pong ...]
[Heart]2019/10/19 16:29:39 myLog.go 50 [pong pong pong ...]
[Heart]2019/10/19 16:29:49 myLog.go 50 [pong pong pong ...]
[Heart]2019/10/19 16:29:59 myLog.go 50 [pong pong pong ...]
[Heart]2019/10/19 16:30:09 myLog.go 50 [pong pong pong ...]
[Heart]2019/10/19 16:30:19 myLog.go 50 [pong pong pong ...]
[Heart]2019/10/19 16:30:29 myLog.go 50 [pong pong pong ...]
[Heart]2019/10/19 16:30:39 myLog.go 50 [pong pong pong ...]
[Heart]2019/10/19 16:30:49 myLog.go 50 [pong pong pong ...]
[Heart]2019/10/19 16:30:59 myLog.go 50 [pong pong pong ...]
[Heart]2019/10/19 16:31:09 myLog.go 50 [pong pong pong ...]
[Heart]2019/10/19 16:31:19 myLog.go 50 [pong pong pong ...]
[Heart]2019/10/19 16:31:29 myLog.go 50 [pong pong pong ...]
[Heart]2019/10/19 16:31:39 myLog.go 50 [pong pong pong ...]
[Heart]2019/10/19 16:31:49 myLog.go 50 [pong pong pong ...]
[Heart]2019/10/19 16:31:59 myLog.go 50 [pong pong pong ...]
[Heart]2019/10/19 16:32:09 myLog.go 50 [pong pong pong ...]
[Heart]2019/10/19 16:32:19 myLog.go 50 [pong pong pong ...]
[Heart]2019/10/19 16:32:29 myLog.go 50 [pong pong pong ...]
[Heart]2019/10/19 16:32:39 myLog.go 50 [pong pong pong ...]
[Heart]2019/10/19 16:32:49 myLog.go 50 [pong pong pong ...]
[Heart]2019/10/19 16:32:59 myLog.go 50 [pong pong pong ...]
[Heart]2019/10/19 16:33:09 myLog.go 50 [pong pong pong ...]
[Heart]2019/10/19 16:33:19 myLog.go 50 [pong pong pong ...]
[Heart]2019/10/19 16:33:29 myLog.go 50 [pong pong pong ...]
[Heart]2019/10/19 16:33:39 myLog.go 50 [pong pong pong ...]
[Heart]2019/10/19 16:33:49 myLog.go 50 [pong pong pong ...]
[Heart]2019/10/19 16:33:59 myLog.go 50 [pong pong pong ...]
[Heart]2019/10/19 16:34:09 myLog.go 50 [pong pong pong ...]
[Heart]2019/10/19 16:34:19 myLog.go 50 [pong pong pong ...]
[Heart]2019/10/19 16:34:29 myLog.go 50 [pong pong pong ...]
[Heart]2019/10/19 16:34:39 myLog.go 50 [pong pong pong ...]
[Heart]2019/10/19 16:34:49 myLog.go 50 [pong pong pong ...]
[Heart]2019/10/19 16:34:59 myLog.go 50 [pong pong pong ...]
[Heart]2019/10/19 16:35:09 myLog.go 50 [pong pong pong ...]
[Heart]2019/10/19 16:35:19 myLog.go 50 [pong pong pong ...]
[Heart]2019/10/19 16:35:29 myLog.go 50 [pong pong pong ...]
[Heart]2019/10/19 16:35:39 myLog.go 50 [pong pong pong ...]
[Heart]2019/10/19 16:35:49 myLog.go 50 [pong pong pong ...]
[Heart]2019/10/19 16:35:59 myLog.go 50 [pong pong pong ...]
[Heart]2019/10/19 16:36:09 myLog.go 50 [pong pong pong ...]
[Heart]2019/10/19 16:36:19 myLog.go 50 [pong pong pong ...]
[Heart]2019/10/19 16:36:29 myLog.go 50 [pong pong pong ...]
[Heart]2019/10/19 16:36:39 myLog.go 50 [pong pong pong ...]
[Heart]2019/10/19 16:36:49 myLog.go 50 [pong pong pong ...]
[Heart]2019/10/19 16:36:59 myLog.go 50 [pong pong pong ...]
[Heart]2019/10/19 16:37:09 myLog.go 50 [pong pong pong ...]
[Heart]2019/10/19 16:37:19 myLog.go 50 [pong pong pong ...]
[Heart]2019/10/19 16:37:29 myLog.go 50 [pong pong pong ...]
[Heart]2019/10/19 16:37:39 myLog.go 50 [pong pong pong ...]
[Heart]2019/10/19 16:37:49 myLog.go 50 [pong pong pong ...]
[Heart]2019/10/19 16:37:59 myLog.go 50 [pong pong pong ...]
[Heart]2019/10/19 16:38:09 myLog.go 50 [pong pong pong ...]
[Heart]2019/10/19 16:38:19 myLog.go 50 [pong pong pong ...]
[Heart]2019/10/19 16:38:29 myLog.go 50 [pong pong pong ...]
[Heart]2019/10/19 16:38:39 myLog.go 50 [pong pong pong ...]
[Heart]2019/10/19 16:38:49 myLog.go 50 [pong pong pong ...]
[Heart]2019/10/19 16:38:59 myLog.go 50 [pong pong pong ...]
[Heart]2019/10/19 16:39:09 myLog.go 50 [pong pong pong ...]
[Heart]2019/10/19 16:39:19 myLog.go 50 [pong pong pong ...]
[Heart]2019/10/19 16:39:29 myLog.go 50 [pong pong pong ...]
[Heart]2019/10/19 16:39:39 myLog.go 50 [pong pong pong ...]
[Heart]2019/10/19 16:39:49 myLog.go 50 [pong pong pong ...]
[Heart]2019/10/19 16:39:59 myLog.go 50 [pong pong pong ...]
[Heart]2019/10/19 16:40:09 myLog.go 50 [pong pong pong ...]
[Heart]2019/10/19 16:40:19 myLog.go 50 [pong pong pong ...]
[Heart]2019/10/19 16:40:29 myLog.go 50 [pong pong pong ...]
[Heart]2019/10/19 16:40:39 myLog.go 50 [pong pong pong ...]
[Heart]2019/10/19 16:40:49 myLog.go 50 [pong pong pong ...]
[Heart]2019/10/19 16:40:59 myLog.go 50 [pong pong pong ...]
[Heart]2019/10/19 16:41:09 myLog.go 50 [pong pong pong ...]
[Heart]2019/10/19 16:41:19 myLog.go 50 [pong pong pong ...]
[Heart]2019/10/19 16:41:29 myLog.go 50 [pong pong pong ...]
[Heart]2019/10/19 16:41:39 myLog.go 50 [pong pong pong ...]
[Heart]2019/10/19 16:41:49 myLog.go 50 [pong pong pong ...]
[Heart]2019/10/19 16:41:59 myLog.go 50 [pong pong pong ...]
[Heart]2019/10/19 16:42:09 myLog.go 50 [pong pong pong ...]
[Heart]2019/10/19 16:42:19 myLog.go 50 [pong pong pong ...]
[Heart]2019/10/19 16:42:29 myLog.go 50 [pong pong pong ...]
[Heart]2019/10/19 16:42:39 myLog.go 50 [pong pong pong ...]
[Heart]2019/10/19 16:42:49 myLog.go 50 [pong pong pong ...]
[Heart]2019/10/19 16:42:59 myLog.go 50 [pong pong pong ...]
[Heart]2019/10/19 16:43:09 myLog.go 50 [pong pong pong ...]
[Heart]2019/10/19 16:43:19 myLog.go 50 [pong pong pong ...]
[Heart]2019/10/19 16:43:29 myLog.go 50 [pong pong pong ...]
[Heart]2019/10/19 16:43:39 myLog.go 50 [pong pong pong ...]
[Heart]2019/10/19 16:43:49 myLog.go 50 [pong pong pong ...]
[Heart]2019/10/19 16:43:59 myLog.go 50 [pong pong pong ...]
[Heart]2019/10/19 16:44:09 myLog.go 50 [pong pong pong ...]
[Heart]2019/10/19 16:44:19 myLog.go 50 [pong pong pong ...]
[Heart]2019/10/19 16:44:29 myLog.go 50 [pong pong pong ...]
[Heart]2019/10/19 16:44:39 myLog.go 50 [pong pong pong ...]
[Heart]2019/10/19 16:44:49 myLog.go 50 [pong pong pong ...]
[Heart]2019/10/19 16:44:59 myLog.go 50 [pong pong pong ...]
[Heart]2019/10/19 16:45:09 myLog.go 50 [pong pong pong ...]
[Heart]2019/10/19 16:45:19 myLog.go 50 [pong pong pong ...]
[Heart]2019/10/19 16:45:29 myLog.go 50 [pong pong pong ...]
[Heart]2019/10/19 16:45:39 myLog.go 50 [pong pong pong ...]
[Heart]2019/10/19 16:45:49 myLog.go 50 [pong pong pong ...]
[Heart]2019/10/19 16:45:59 myLog.go 50 [pong pong pong ...]
[Heart]2019/10/19 16:46:09 myLog.go 50 [pong pong pong ...]
[Heart]2019/10/19 16:46:19 myLog.go 50 [pong pong pong ...]
[Heart]2019/10/19 16:46:29 myLog.go 50 [pong pong pong ...]
[Heart]2019/10/19 16:46:39 myLog.go 50 [pong pong pong ...]
[Heart]2019/10/19 16:46:49 myLog.go 50 [pong pong pong ...]
[Heart]2019/10/19 16:46:59 myLog.go 50 [pong pong pong ...]
[Heart]2019/10/19 16:47:09 myLog.go 50 [pong pong pong ...]
[Heart]2019/10/19 16:47:19 myLog.go 50 [pong pong pong ...]
[Heart]2019/10/19 16:47:29 myLog.go 50 [pong pong pong ...]
[Heart]2019/10/19 16:47:39 myLog.go 50 [pong pong pong ...]
[Heart]2019/10/19 16:47:49 myLog.go 50 [pong pong pong ...]
[Heart]2019/10/19 16:47:59 myLog.go 50 [pong pong pong ...]
[Heart]2019/10/19 16:48:09 myLog.go 50 [pong pong pong ...]
[Heart]2019/10/19 16:48:19 myLog.go 50 [pong pong pong ...]
[Heart]2019/10/19 16:48:29 myLog.go 50 [pong pong pong ...]
[Heart]2019/10/19 16:48:39 myLog.go 50 [pong pong pong ...]
[Heart]2019/10/19 16:48:49 myLog.go 50 [pong pong pong ...]
[Heart]2019/10/19 16:48:59 myLog.go 50 [pong pong pong ...]
[Heart]2019/10/19 16:49:09 myLog.go 50 [pong pong pong ...]
[Heart]2019/10/19 16:49:19 myLog.go 50 [pong pong pong ...]
[Heart]2019/10/19 16:49:29 myLog.go 50 [pong pong pong ...]
[Heart]2019/10/19 16:49:39 myLog.go 50 [pong pong pong ...]
[Heart]2019/10/19 16:49:49 myLog.go 50 [pong pong pong ...]
[Heart]2019/10/19 16:49:59 myLog.go 50 [pong pong pong ...]
[Heart]2019/10/19 16:50:09 myLog.go 50 [pong pong pong ...]
[Heart]2019/10/19 16:50:19 myLog.go 50 [pong pong pong ...]
[Heart]2019/10/19 16:50:29 myLog.go 50 [pong pong pong ...]
[Heart]2019/10/19 16:50:39 myLog.go 50 [pong pong pong ...]
[Heart]2019/10/19 16:50:49 myLog.go 50 [pong pong pong ...]
[Heart]2019/10/19 16:50:59 myLog.go 50 [pong pong pong ...]
[Heart]2019/10/19 16:51:09 myLog.go 50 [pong pong pong ...]
[Heart]2019/10/19 16:51:19 myLog.go 50 [pong pong pong ...]
[Heart]2019/10/19 16:51:29 myLog.go 50 [pong pong pong ...]
[Heart]2019/10/19 16:51:39 myLog.go 50 [pong pong pong ...]
[Heart]2019/10/19 16:51:49 myLog.go 50 [pong pong pong ...]
[Heart]2019/10/19 16:51:59 myLog.go 50 [pong pong pong ...]
[Heart]2019/10/19 16:52:09 myLog.go 50 [pong pong pong ...]
[Heart]2019/10/19 16:52:19 myLog.go 50 [pong pong pong ...]
[Heart]2019/10/19 16:52:29 myLog.go 50 [pong pong pong ...]
[Heart]2019/10/19 16:52:39 myLog.go 50 [pong pong pong ...]
[Heart]2019/10/19 16:52:49 myLog.go 50 [pong pong pong ...]
[Heart]2019/10/19 16:52:59 myLog.go 50 [pong pong pong ...]
[Heart]2019/10/19 16:53:09 myLog.go 50 [pong pong pong ...]
[Heart]2019/10/19 16:53:19 myLog.go 50 [pong pong pong ...]
[Heart]2019/10/19 16:53:29 myLog.go 50 [pong pong pong ...]
[Heart]2019/10/19 16:53:39 myLog.go 50 [pong pong pong ...]
[Heart]2019/10/19 16:53:49 myLog.go 50 [pong pong pong ...]
[Heart]2019/10/19 16:53:59 myLog.go 50 [pong pong pong ...]
[Heart]2019/10/19 16:54:09 myLog.go 50 [pong pong pong ...]
[Heart]2019/10/19 16:54:19 myLog.go 50 [pong pong pong ...]
[Heart]2019/10/19 16:54:29 myLog.go 50 [pong pong pong ...]
[Heart]2019/10/19 16:54:39 myLog.go 50 [pong pong pong ...]
[Heart]2019/10/19 16:54:49 myLog.go 50 [pong pong pong ...]
[Heart]2019/10/19 16:54:59 myLog.go 50 [pong pong pong ...]
[Heart]2019/10/19 16:55:09 myLog.go 50 [pong pong pong ...]
[Heart]2019/10/19 16:55:19 myLog.go 50 [pong pong pong ...]
[Heart]2019/10/19 16:55:29 myLog.go 50 [pong pong pong ...]
[Heart]2019/10/19 16:55:39 myLog.go 50 [pong pong pong ...]
[Heart]2019/10/19 16:55:49 myLog.go 50 [pong pong pong ...]
[Heart]2019/10/19 16:55:59 myLog.go 50 [pong pong pong ...]
[Heart]2019/10/19 16:56:09 myLog.go 50 [pong pong pong ...]
[Heart]2019/10/19 16:56:19 myLog.go 50 [pong pong pong ...]
[Heart]2019/10/19 16:56:29 myLog.go 50 [pong pong pong ...]
[Heart]2019/10/19 16:56:39 myLog.go 50 [pong pong pong ...]
[Heart]2019/10/19 16:56:49 myLog.go 50 [pong pong pong ...]
[Heart]2019/10/19 16:56:59 myLog.go 50 [pong pong pong ...]
[Heart]2019/10/19 16:57:09 myLog.go 50 [pong pong pong ...]
[Heart]2019/10/19 16:57:19 myLog.go 50 [pong pong pong ...]
[Heart]2019/10/19 16:57:29 myLog.go 50 [pong pong pong ...]
[Heart]2019/10/19 16:57:39 myLog.go 50 [pong pong pong ...]
[Heart]2019/10/19 16:57:49 myLog.go 50 [pong pong pong ...]
[Heart]2019/10/19 16:57:59 myLog.go 50 [pong pong pong ...]
[Heart]2019/10/19 16:58:09 myLog.go 50 [pong pong pong ...]
[Heart]2019/10/19 16:58:19 myLog.go 50 [pong pong pong ...]
[Heart]2019/10/19 16:58:29 myLog.go 50 [pong pong pong ...]
[Heart]2019/10/19 16:58:39 myLog.go 50 [pong pong pong ...]
[Heart]2019/10/19 16:58:49 myLog.go 50 [pong pong pong ...]
[Heart]2019/10/19 16:58:59 myLog.go 50 [pong pong pong ...]
[Heart]2019/10/19 16:59:09 myLog.go 50 [pong pong pong ...]
[Heart]2019/10/19 16:59:19 myLog.go 50 [pong pong pong ...]
[Heart]2019/10/19 16:59:29 myLog.go 50 [pong pong pong ...]
[Heart]2019/10/19 16:59:39 myLog.go 50 [pong pong pong ...]
