[Info]2019/10/19 18:03:45 handler.go 27 [初始化handler模块!]
[Info]2019/10/19 18:03:45 main.go 54 [test123]
[Error Report]2019/10/19 18:03:45 Get http://localhost:8080/errorReport?info=我来看看有没有错误!: dial tcp [::1]:8080: connect: connection refused
[Error]2019/10/19 18:03:45 main.go 55 [我来看看有没有错误!]
[Heart]2019/10/19 18:03:55 myLog.go 53 [pong pong pong ...]
[Heart]2019/10/19 18:04:05 myLog.go 53 [pong pong pong ...]
[Heart]2019/10/19 18:04:15 myLog.go 53 [pong pong pong ...]
[Heart]2019/10/19 18:04:25 myLog.go 53 [pong pong pong ...]
[Heart]2019/10/19 18:04:35 myLog.go 53 [pong pong pong ...]
[Heart]2019/10/19 18:04:45 myLog.go 53 [pong pong pong ...]
[Heart]2019/10/19 18:04:55 myLog.go 53 [pong pong pong ...]
[Heart]2019/10/19 18:05:05 myLog.go 53 [pong pong pong ...]
[Info]2019/10/21 15:30:13 handler.go 27 [初始化handler模块!]
[Info]2019/10/21 15:40:36 handler.go 27 [初始化handler模块!]
[Info]2019/10/21 15:40:37 main.go 54 [test123]
[Error Report]2019/10/21 15:40:37 Get http://localhost:8080/errorReport?info=我来看看有没有错误!: dial tcp [::1]:8080: connect: connection refused
[Error]2019/10/21 15:40:37 main.go 55 [我来看看有没有错误!]
[Heart]2019/10/21 15:40:46 myLog.go 53 [pong pong pong ...]
[Heart]2019/10/21 15:40:56 myLog.go 53 [pong pong pong ...]
[Heart]2019/10/21 15:41:06 myLog.go 53 [pong pong pong ...]
[Heart]2019/10/21 15:41:16 myLog.go 53 [pong pong pong ...]
[Heart]2019/10/21 15:41:26 myLog.go 53 [pong pong pong ...]
[Heart]2019/10/21 15:41:36 myLog.go 53 [pong pong pong ...]
[Heart]2019/10/21 15:41:46 myLog.go 53 [pong pong pong ...]
[Heart]2019/10/21 15:41:56 myLog.go 53 [pong pong pong ...]
[Heart]2019/10/21 15:42:06 myLog.go 53 [pong pong pong ...]
[Heart]2019/10/21 15:42:16 myLog.go 53 [pong pong pong ...]
[Heart]2019/10/21 15:42:26 myLog.go 53 [pong pong pong ...]
[Heart]2019/10/21 15:42:36 myLog.go 53 [pong pong pong ...]
[Heart]2019/10/21 15:42:46 myLog.go 53 [pong pong pong ...]
[Heart]2019/10/21 15:42:56 myLog.go 53 [pong pong pong ...]
[Heart]2019/10/21 15:43:06 myLog.go 53 [pong pong pong ...]
[Heart]2019/10/21 15:43:16 myLog.go 53 [pong pong pong ...]
[Heart]2019/10/21 15:43:26 myLog.go 53 [pong pong pong ...]
[Heart]2019/10/21 15:43:36 myLog.go 53 [pong pong pong ...]
[Heart]2019/10/21 15:43:46 myLog.go 53 [pong pong pong ...]
[Heart]2019/10/21 15:43:56 myLog.go 53 [pong pong pong ...]
[Heart]2019/10/21 15:44:06 myLog.go 53 [pong pong pong ...]
[Heart]2019/10/21 15:44:16 myLog.go 53 [pong pong pong ...]
[Heart]2019/10/21 15:44:26 myLog.go 53 [pong pong pong ...]
[Heart]2019/10/21 15:44:36 myLog.go 53 [pong pong pong ...]
[Heart]2019/10/21 15:44:46 myLog.go 53 [pong pong pong ...]
[Heart]2019/10/21 15:44:56 myLog.go 53 [pong pong pong ...]
[Heart]2019/10/21 15:45:06 myLog.go 53 [pong pong pong ...]
[Heart]2019/10/21 15:45:16 myLog.go 53 [pong pong pong ...]
[Heart]2019/10/21 15:45:26 myLog.go 53 [pong pong pong ...]
[Heart]2019/10/21 15:45:36 myLog.go 53 [pong pong pong ...]
[Heart]2019/10/21 15:45:46 myLog.go 53 [pong pong pong ...]
[Heart]2019/10/21 15:45:56 myLog.go 53 [pong pong pong ...]
[Heart]2019/10/21 15:46:06 myLog.go 53 [pong pong pong ...]
[Heart]2019/10/21 15:46:16 myLog.go 53 [pong pong pong ...]
[Heart]2019/10/21 15:46:26 myLog.go 53 [pong pong pong ...]
[Heart]2019/10/21 15:46:36 myLog.go 53 [pong pong pong ...]
[Heart]2019/10/21 15:46:46 myLog.go 53 [pong pong pong ...]
[Heart]2019/10/21 15:46:56 myLog.go 53 [pong pong pong ...]
[Heart]2019/10/21 15:47:06 myLog.go 53 [pong pong pong ...]
[Heart]2019/10/21 15:47:16 myLog.go 53 [pong pong pong ...]
[Heart]2019/10/21 15:47:26 myLog.go 53 [pong pong pong ...]
[Heart]2019/10/21 15:47:36 myLog.go 53 [pong pong pong ...]
[Heart]2019/10/21 15:47:46 myLog.go 53 [pong pong pong ...]
[Heart]2019/10/21 15:47:56 myLog.go 53 [pong pong pong ...]
[Heart]2019/10/21 15:48:06 myLog.go 53 [pong pong pong ...]
[Heart]2019/10/21 15:48:16 myLog.go 53 [pong pong pong ...]
[Heart]2019/10/21 15:48:26 myLog.go 53 [pong pong pong ...]
[Heart]2019/10/21 15:48:36 myLog.go 53 [pong pong pong ...]
[Heart]2019/10/21 15:48:46 myLog.go 53 [pong pong pong ...]
[Heart]2019/10/21 15:48:56 myLog.go 53 [pong pong pong ...]
[Heart]2019/10/21 15:49:06 myLog.go 53 [pong pong pong ...]
[Heart]2019/10/21 15:49:16 myLog.go 53 [pong pong pong ...]
[Heart]2019/10/21 15:49:26 myLog.go 53 [pong pong pong ...]
[Heart]2019/10/21 15:49:36 myLog.go 53 [pong pong pong ...]
[Heart]2019/10/21 15:49:46 myLog.go 53 [pong pong pong ...]
[Heart]2019/10/21 15:49:56 myLog.go 53 [pong pong pong ...]
[Heart]2019/10/21 15:50:06 myLog.go 53 [pong pong pong ...]
[Heart]2019/10/21 15:50:16 myLog.go 53 [pong pong pong ...]
[Heart]2019/10/21 15:50:26 myLog.go 53 [pong pong pong ...]
[Heart]2019/10/21 15:50:36 myLog.go 53 [pong pong pong ...]
[Heart]2019/10/21 15:50:46 myLog.go 53 [pong pong pong ...]
[Heart]2019/10/21 15:50:56 myLog.go 53 [pong pong pong ...]
[Heart]2019/10/21 15:51:06 myLog.go 53 [pong pong pong ...]
[Heart]2019/10/21 15:51:16 myLog.go 53 [pong pong pong ...]
[Heart]2019/10/21 15:51:26 myLog.go 53 [pong pong pong ...]
[Heart]2019/10/21 15:51:36 myLog.go 53 [pong pong pong ...]
[Heart]2019/10/21 15:51:46 myLog.go 53 [pong pong pong ...]
[Heart]2019/10/21 15:51:56 myLog.go 53 [pong pong pong ...]
[Heart]2019/10/21 15:52:06 myLog.go 53 [pong pong pong ...]
[Heart]2019/10/21 15:52:16 myLog.go 53 [pong pong pong ...]
[Heart]2019/10/21 15:52:26 myLog.go 53 [pong pong pong ...]
[Heart]2019/10/21 15:52:36 myLog.go 53 [pong pong pong ...]
[Heart]2019/10/21 15:52:46 myLog.go 53 [pong pong pong ...]
[Heart]2019/10/21 15:52:56 myLog.go 53 [pong pong pong ...]
[Heart]2019/10/21 15:53:06 myLog.go 53 [pong pong pong ...]
[Heart]2019/10/21 15:53:16 myLog.go 53 [pong pong pong ...]
[Heart]2019/10/21 15:53:26 myLog.go 53 [pong pong pong ...]
[Heart]2019/10/21 15:53:36 myLog.go 53 [pong pong pong ...]
[Heart]2019/10/21 15:53:46 myLog.go 53 [pong pong pong ...]
[Heart]2019/10/21 15:53:56 myLog.go 53 [pong pong pong ...]
[Heart]2019/10/21 15:54:06 myLog.go 53 [pong pong pong ...]
[Heart]2019/10/21 15:54:16 myLog.go 53 [pong pong pong ...]
[Heart]2019/10/21 15:54:26 myLog.go 53 [pong pong pong ...]
[Heart]2019/10/21 15:54:36 myLog.go 53 [pong pong pong ...]
[Heart]2019/10/21 15:54:46 myLog.go 53 [pong pong pong ...]
[Heart]2019/10/21 15:54:56 myLog.go 53 [pong pong pong ...]
[Heart]2019/10/21 15:55:06 myLog.go 53 [pong pong pong ...]
[Heart]2019/10/21 15:55:16 myLog.go 53 [pong pong pong ...]
[Heart]2019/10/21 15:55:26 myLog.go 53 [pong pong pong ...]
[Heart]2019/10/21 15:55:36 myLog.go 53 [pong pong pong ...]
[Heart]2019/10/21 15:55:46 myLog.go 53 [pong pong pong ...]
[Heart]2019/10/21 15:55:56 myLog.go 53 [pong pong pong ...]
[Heart]2019/10/21 15:56:06 myLog.go 53 [pong pong pong ...]
[Heart]2019/10/21 15:56:16 myLog.go 53 [pong pong pong ...]
[Heart]2019/10/21 15:56:26 myLog.go 53 [pong pong pong ...]
[Heart]2019/10/21 15:56:36 myLog.go 53 [pong pong pong ...]
[Heart]2019/10/21 15:56:46 myLog.go 53 [pong pong pong ...]
[Heart]2019/10/21 15:56:56 myLog.go 53 [pong pong pong ...]
[Heart]2019/10/21 15:57:06 myLog.go 53 [pong pong pong ...]
[Heart]2019/10/21 15:57:16 myLog.go 53 [pong pong pong ...]
[Heart]2019/10/21 15:57:26 myLog.go 53 [pong pong pong ...]
[Heart]2019/10/21 15:57:36 myLog.go 53 [pong pong pong ...]
[Heart]2019/10/21 15:57:46 myLog.go 53 [pong pong pong ...]
[Heart]2019/10/21 15:57:56 myLog.go 53 [pong pong pong ...]
[Heart]2019/10/21 15:58:06 myLog.go 53 [pong pong pong ...]
[Heart]2019/10/21 15:58:16 myLog.go 53 [pong pong pong ...]
[Heart]2019/10/21 15:58:26 myLog.go 53 [pong pong pong ...]
[Heart]2019/10/21 15:58:36 myLog.go 53 [pong pong pong ...]
[Heart]2019/10/21 15:58:46 myLog.go 53 [pong pong pong ...]
[Heart]2019/10/21 15:58:56 myLog.go 53 [pong pong pong ...]
[Heart]2019/10/21 15:59:06 myLog.go 53 [pong pong pong ...]
[Heart]2019/10/21 15:59:16 myLog.go 53 [pong pong pong ...]
[Heart]2019/10/21 15:59:26 myLog.go 53 [pong pong pong ...]
[Heart]2019/10/21 15:59:36 myLog.go 53 [pong pong pong ...]
[Heart]2019/10/21 15:59:46 myLog.go 53 [pong pong pong ...]
[Heart]2019/10/21 15:59:56 myLog.go 53 [pong pong pong ...]
[Heart]2019/10/21 16:00:06 myLog.go 53 [pong pong pong ...]
[Heart]2019/10/21 16:00:16 myLog.go 53 [pong pong pong ...]
[Info]2019/10/21 16:11:57 handler.go 27 [初始化handler模块!]
[Info]2019/10/21 16:11:57 main.go 54 [test123]
[Error Report]2019/10/21 16:11:57 Get http://localhost:8080/errorReport?info=我来看看有没有错误!: dial tcp [::1]:8080: connect: connection refused
[Error]2019/10/21 16:11:57 main.go 55 [我来看看有没有错误!]
[Heart]2019/10/21 16:12:07 myLog.go 53 [pong pong pong ...]
[Heart]2019/10/21 16:12:17 myLog.go 53 [pong pong pong ...]
[Heart]2019/10/21 16:12:27 myLog.go 53 [pong pong pong ...]
[Heart]2019/10/21 16:12:37 myLog.go 53 [pong pong pong ...]
[Heart]2019/10/21 16:12:47 myLog.go 53 [pong pong pong ...]
[Heart]2019/10/21 16:12:57 myLog.go 53 [pong pong pong ...]
[Heart]2019/10/21 16:13:07 myLog.go 53 [pong pong pong ...]
[Heart]2019/10/21 16:13:17 myLog.go 53 [pong pong pong ...]
[Heart]2019/10/21 16:13:27 myLog.go 53 [pong pong pong ...]
[Heart]2019/10/21 16:13:37 myLog.go 53 [pong pong pong ...]
[Heart]2019/10/21 16:13:47 myLog.go 53 [pong pong pong ...]
[Heart]2019/10/21 16:13:57 myLog.go 53 [pong pong pong ...]
[Heart]2019/10/21 16:14:07 myLog.go 53 [pong pong pong ...]
[Heart]2019/10/21 16:14:17 myLog.go 53 [pong pong pong ...]
[Heart]2019/10/21 16:14:27 myLog.go 53 [pong pong pong ...]
[Heart]2019/10/21 16:14:37 myLog.go 53 [pong pong pong ...]
[Heart]2019/10/21 16:14:47 myLog.go 53 [pong pong pong ...]
[Heart]2019/10/21 16:14:57 myLog.go 53 [pong pong pong ...]
[Heart]2019/10/21 16:15:07 myLog.go 53 [pong pong pong ...]
[Heart]2019/10/21 16:15:17 myLog.go 53 [pong pong pong ...]
[Heart]2019/10/21 16:15:27 myLog.go 53 [pong pong pong ...]
[Heart]2019/10/21 16:15:37 myLog.go 53 [pong pong pong ...]
[Heart]2019/10/21 16:15:47 myLog.go 53 [pong pong pong ...]
[Heart]2019/10/21 16:15:57 myLog.go 53 [pong pong pong ...]
[Heart]2019/10/21 16:16:07 myLog.go 53 [pong pong pong ...]
[Heart]2019/10/21 16:16:17 myLog.go 53 [pong pong pong ...]
[Heart]2019/10/21 16:16:27 myLog.go 53 [pong pong pong ...]
[Heart]2019/10/21 16:16:37 myLog.go 53 [pong pong pong ...]
[Heart]2019/10/21 16:16:47 myLog.go 53 [pong pong pong ...]
[Heart]2019/10/21 16:16:57 myLog.go 53 [pong pong pong ...]
[Heart]2019/10/21 16:17:07 myLog.go 53 [pong pong pong ...]
[Heart]2019/10/21 16:17:17 myLog.go 53 [pong pong pong ...]
[Heart]2019/10/21 16:17:27 myLog.go 53 [pong pong pong ...]
[Heart]2019/10/21 16:17:37 myLog.go 53 [pong pong pong ...]
[Heart]2019/10/21 16:17:47 myLog.go 53 [pong pong pong ...]
[Heart]2019/10/21 16:17:57 myLog.go 53 [pong pong pong ...]
[Heart]2019/10/21 16:18:07 myLog.go 53 [pong pong pong ...]
[Heart]2019/10/21 16:18:17 myLog.go 53 [pong pong pong ...]
[Heart]2019/10/21 16:18:27 myLog.go 53 [pong pong pong ...]
[Heart]2019/10/21 16:18:37 myLog.go 53 [pong pong pong ...]
[Heart]2019/10/21 16:18:47 myLog.go 53 [pong pong pong ...]
[Heart]2019/10/21 16:18:57 myLog.go 53 [pong pong pong ...]
[Heart]2019/10/21 16:19:07 myLog.go 53 [pong pong pong ...]
[Heart]2019/10/21 16:19:17 myLog.go 53 [pong pong pong ...]
[Heart]2019/10/21 16:19:27 myLog.go 53 [pong pong pong ...]
[Heart]2019/10/21 16:19:37 myLog.go 53 [pong pong pong ...]
[Heart]2019/10/21 16:19:47 myLog.go 53 [pong pong pong ...]
[Heart]2019/10/21 16:19:57 myLog.go 53 [pong pong pong ...]
[Heart]2019/10/21 16:20:07 myLog.go 53 [pong pong pong ...]
[Heart]2019/10/21 16:20:17 myLog.go 53 [pong pong pong ...]
[Heart]2019/10/21 16:20:27 myLog.go 53 [pong pong pong ...]
[Heart]2019/10/21 16:20:37 myLog.go 53 [pong pong pong ...]
[Heart]2019/10/21 16:20:47 myLog.go 53 [pong pong pong ...]
[Heart]2019/10/21 16:20:57 myLog.go 53 [pong pong pong ...]
[Heart]2019/10/21 16:21:07 myLog.go 53 [pong pong pong ...]
[Heart]2019/10/21 16:21:17 myLog.go 53 [pong pong pong ...]
[Heart]2019/10/21 16:21:27 myLog.go 53 [pong pong pong ...]
[Heart]2019/10/21 16:21:37 myLog.go 53 [pong pong pong ...]
[Heart]2019/10/21 16:21:47 myLog.go 53 [pong pong pong ...]
[Heart]2019/10/21 16:21:57 myLog.go 53 [pong pong pong ...]
[Heart]2019/10/21 16:22:07 myLog.go 53 [pong pong pong ...]
[Heart]2019/10/21 16:22:17 myLog.go 53 [pong pong pong ...]
[Heart]2019/10/21 16:22:27 myLog.go 53 [pong pong pong ...]
[Heart]2019/10/21 16:22:37 myLog.go 53 [pong pong pong ...]
[Heart]2019/10/21 16:22:47 myLog.go 53 [pong pong pong ...]
[Heart]2019/10/21 16:22:57 myLog.go 53 [pong pong pong ...]
[Heart]2019/10/21 16:23:07 myLog.go 53 [pong pong pong ...]
[Heart]2019/10/21 16:23:17 myLog.go 53 [pong pong pong ...]
[Heart]2019/10/21 16:23:27 myLog.go 53 [pong pong pong ...]
[Heart]2019/10/21 16:23:37 myLog.go 53 [pong pong pong ...]
[Heart]2019/10/21 16:23:47 myLog.go 53 [pong pong pong ...]
[Heart]2019/10/21 16:23:57 myLog.go 53 [pong pong pong ...]
[Heart]2019/10/21 16:24:07 myLog.go 53 [pong pong pong ...]
[Heart]2019/10/21 16:24:17 myLog.go 53 [pong pong pong ...]
[Heart]2019/10/21 16:24:27 myLog.go 53 [pong pong pong ...]
[Heart]2019/10/21 16:24:37 myLog.go 53 [pong pong pong ...]
[Heart]2019/10/21 16:24:47 myLog.go 53 [pong pong pong ...]
[Heart]2019/10/21 16:24:57 myLog.go 53 [pong pong pong ...]
[Heart]2019/10/21 16:25:07 myLog.go 53 [pong pong pong ...]
[Heart]2019/10/21 16:25:17 myLog.go 53 [pong pong pong ...]
[Heart]2019/10/21 16:25:27 myLog.go 53 [pong pong pong ...]
[Heart]2019/10/21 16:25:37 myLog.go 53 [pong pong pong ...]
[Heart]2019/10/21 16:25:47 myLog.go 53 [pong pong pong ...]
[Heart]2019/10/21 16:25:57 myLog.go 53 [pong pong pong ...]
[Heart]2019/10/21 16:26:07 myLog.go 53 [pong pong pong ...]
[Heart]2019/10/21 16:26:17 myLog.go 53 [pong pong pong ...]
[Heart]2019/10/21 16:26:27 myLog.go 53 [pong pong pong ...]
[Heart]2019/10/21 16:26:37 myLog.go 53 [pong pong pong ...]
[Heart]2019/10/21 16:26:47 myLog.go 53 [pong pong pong ...]
[Heart]2019/10/21 16:26:57 myLog.go 53 [pong pong pong ...]
[Heart]2019/10/21 16:27:07 myLog.go 53 [pong pong pong ...]
[Heart]2019/10/21 16:27:17 myLog.go 53 [pong pong pong ...]
[Heart]2019/10/21 16:27:27 myLog.go 53 [pong pong pong ...]
[Heart]2019/10/21 16:27:37 myLog.go 53 [pong pong pong ...]
[Heart]2019/10/21 16:27:47 myLog.go 53 [pong pong pong ...]
[Heart]2019/10/21 16:27:57 myLog.go 53 [pong pong pong ...]
[Heart]2019/10/21 16:28:07 myLog.go 53 [pong pong pong ...]
[Heart]2019/10/21 16:28:17 myLog.go 53 [pong pong pong ...]
[Heart]2019/10/21 16:28:27 myLog.go 53 [pong pong pong ...]
[Heart]2019/10/21 16:28:37 myLog.go 53 [pong pong pong ...]
[Heart]2019/10/21 16:28:47 myLog.go 53 [pong pong pong ...]
[Heart]2019/10/21 16:28:57 myLog.go 53 [pong pong pong ...]
[Heart]2019/10/21 16:29:07 myLog.go 53 [pong pong pong ...]
[Heart]2019/10/21 16:29:17 myLog.go 53 [pong pong pong ...]
[Heart]2019/10/21 16:29:27 myLog.go 53 [pong pong pong ...]
[Heart]2019/10/21 16:29:37 myLog.go 53 [pong pong pong ...]
[Heart]2019/10/21 16:29:47 myLog.go 53 [pong pong pong ...]
[Heart]2019/10/21 16:29:57 myLog.go 53 [pong pong pong ...]
[Heart]2019/10/21 16:30:07 myLog.go 53 [pong pong pong ...]
[Heart]2019/10/21 16:30:17 myLog.go 53 [pong pong pong ...]
[Heart]2019/10/21 16:30:27 myLog.go 53 [pong pong pong ...]
[Heart]2019/10/21 16:30:37 myLog.go 53 [pong pong pong ...]
[Heart]2019/10/21 16:30:47 myLog.go 53 [pong pong pong ...]
[Heart]2019/10/21 16:30:57 myLog.go 53 [pong pong pong ...]
[Heart]2019/10/21 16:31:07 myLog.go 53 [pong pong pong ...]
[Heart]2019/10/21 16:31:17 myLog.go 53 [pong pong pong ...]
[Heart]2019/10/21 16:31:27 myLog.go 53 [pong pong pong ...]
[Heart]2019/10/21 16:31:37 myLog.go 53 [pong pong pong ...]
[Heart]2019/10/21 16:31:47 myLog.go 53 [pong pong pong ...]
[Heart]2019/10/21 16:31:57 myLog.go 53 [pong pong pong ...]
[Heart]2019/10/21 16:32:07 myLog.go 53 [pong pong pong ...]
[Heart]2019/10/21 16:32:17 myLog.go 53 [pong pong pong ...]
[Heart]2019/10/21 16:32:27 myLog.go 53 [pong pong pong ...]
[Heart]2019/10/21 16:32:37 myLog.go 53 [pong pong pong ...]
[Heart]2019/10/21 16:32:47 myLog.go 53 [pong pong pong ...]
[Heart]2019/10/21 16:32:57 myLog.go 53 [pong pong pong ...]
[Heart]2019/10/21 16:33:07 myLog.go 53 [pong pong pong ...]
[Heart]2019/10/21 16:33:17 myLog.go 53 [pong pong pong ...]
[Heart]2019/10/21 16:33:27 myLog.go 53 [pong pong pong ...]
[Heart]2019/10/21 16:33:37 myLog.go 53 [pong pong pong ...]
[Heart]2019/10/21 16:33:47 myLog.go 53 [pong pong pong ...]
[Heart]2019/10/21 16:33:57 myLog.go 53 [pong pong pong ...]
[Heart]2019/10/21 16:34:07 myLog.go 53 [pong pong pong ...]
[Heart]2019/10/21 16:34:17 myLog.go 53 [pong pong pong ...]
[Heart]2019/10/21 16:34:27 myLog.go 53 [pong pong pong ...]
[Heart]2019/10/21 16:34:37 myLog.go 53 [pong pong pong ...]
[Heart]2019/10/21 16:34:47 myLog.go 53 [pong pong pong ...]
[Heart]2019/10/21 16:34:57 myLog.go 53 [pong pong pong ...]
[Heart]2019/10/21 16:35:07 myLog.go 53 [pong pong pong ...]
[Heart]2019/10/21 16:35:17 myLog.go 53 [pong pong pong ...]
[Heart]2019/10/21 16:35:27 myLog.go 53 [pong pong pong ...]
[Heart]2019/10/21 16:35:37 myLog.go 53 [pong pong pong ...]
[Heart]2019/10/21 16:35:47 myLog.go 53 [pong pong pong ...]
[Heart]2019/10/21 16:35:57 myLog.go 53 [pong pong pong ...]
[Heart]2019/10/21 16:36:07 myLog.go 53 [pong pong pong ...]
[Heart]2019/10/21 16:36:17 myLog.go 53 [pong pong pong ...]
[Heart]2019/10/21 16:36:27 myLog.go 53 [pong pong pong ...]
[Heart]2019/10/21 16:36:37 myLog.go 53 [pong pong pong ...]
[Heart]2019/10/21 16:36:47 myLog.go 53 [pong pong pong ...]
[Heart]2019/10/21 16:36:57 myLog.go 53 [pong pong pong ...]
[Heart]2019/10/21 16:37:07 myLog.go 53 [pong pong pong ...]
[Heart]2019/10/21 16:37:17 myLog.go 53 [pong pong pong ...]
[Heart]2019/10/21 16:37:27 myLog.go 53 [pong pong pong ...]
[Heart]2019/10/21 16:37:37 myLog.go 53 [pong pong pong ...]
[Heart]2019/10/21 16:37:47 myLog.go 53 [pong pong pong ...]
[Heart]2019/10/21 16:37:57 myLog.go 53 [pong pong pong ...]
[Heart]2019/10/21 16:38:07 myLog.go 53 [pong pong pong ...]
[Heart]2019/10/21 16:38:17 myLog.go 53 [pong pong pong ...]
[Heart]2019/10/21 16:38:27 myLog.go 53 [pong pong pong ...]
[Heart]2019/10/21 16:38:37 myLog.go 53 [pong pong pong ...]
[Heart]2019/10/21 16:38:47 myLog.go 53 [pong pong pong ...]
[Heart]2019/10/21 16:38:57 myLog.go 53 [pong pong pong ...]
[Heart]2019/10/21 16:39:07 myLog.go 53 [pong pong pong ...]
[Heart]2019/10/21 16:39:17 myLog.go 53 [pong pong pong ...]
[Heart]2019/10/21 16:39:27 myLog.go 53 [pong pong pong ...]
[Heart]2019/10/21 16:39:37 myLog.go 53 [pong pong pong ...]
[Heart]2019/10/21 16:39:47 myLog.go 53 [pong pong pong ...]
[Heart]2019/10/21 16:39:57 myLog.go 53 [pong pong pong ...]
[Heart]2019/10/21 16:40:07 myLog.go 53 [pong pong pong ...]
[Heart]2019/10/21 16:40:17 myLog.go 53 [pong pong pong ...]
[Heart]2019/10/21 16:40:27 myLog.go 53 [pong pong pong ...]
[Heart]2019/10/21 16:40:37 myLog.go 53 [pong pong pong ...]
[Heart]2019/10/21 16:40:47 myLog.go 53 [pong pong pong ...]
[Heart]2019/10/21 16:40:57 myLog.go 53 [pong pong pong ...]
[Heart]2019/10/21 16:41:07 myLog.go 53 [pong pong pong ...]
[Heart]2019/10/21 16:41:17 myLog.go 53 [pong pong pong ...]
[Heart]2019/10/21 16:41:27 myLog.go 53 [pong pong pong ...]
[Heart]2019/10/21 16:41:37 myLog.go 53 [pong pong pong ...]
[Heart]2019/10/21 16:41:47 myLog.go 53 [pong pong pong ...]
[Heart]2019/10/21 16:41:57 myLog.go 53 [pong pong pong ...]
[Heart]2019/10/21 16:42:07 myLog.go 53 [pong pong pong ...]
[Heart]2019/10/21 16:42:17 myLog.go 53 [pong pong pong ...]
[Heart]2019/10/21 16:42:27 myLog.go 53 [pong pong pong ...]
[Heart]2019/10/21 16:42:37 myLog.go 53 [pong pong pong ...]
[Heart]2019/10/21 16:42:47 myLog.go 53 [pong pong pong ...]
[Heart]2019/10/21 16:42:57 myLog.go 53 [pong pong pong ...]
[Heart]2019/10/21 16:43:07 myLog.go 53 [pong pong pong ...]
[Heart]2019/10/21 16:43:17 myLog.go 53 [pong pong pong ...]
[Heart]2019/10/21 16:43:27 myLog.go 53 [pong pong pong ...]
[Heart]2019/10/21 16:43:37 myLog.go 53 [pong pong pong ...]
[Heart]2019/10/21 16:43:47 myLog.go 53 [pong pong pong ...]
[Heart]2019/10/21 16:43:57 myLog.go 53 [pong pong pong ...]
[Heart]2019/10/21 16:44:07 myLog.go 53 [pong pong pong ...]
[Heart]2019/10/21 16:44:17 myLog.go 53 [pong pong pong ...]
[Heart]2019/10/21 16:44:27 myLog.go 53 [pong pong pong ...]
[Heart]2019/10/21 16:44:37 myLog.go 53 [pong pong pong ...]
[Heart]2019/10/21 16:44:47 myLog.go 53 [pong pong pong ...]
[Heart]2019/10/21 16:44:57 myLog.go 53 [pong pong pong ...]
[Heart]2019/10/21 16:45:07 myLog.go 53 [pong pong pong ...]
[Heart]2019/10/21 16:45:17 myLog.go 53 [pong pong pong ...]
[Heart]2019/10/21 16:45:27 myLog.go 53 [pong pong pong ...]
[Heart]2019/10/21 16:45:37 myLog.go 53 [pong pong pong ...]
[Heart]2019/10/21 16:45:47 myLog.go 53 [pong pong pong ...]
[Heart]2019/10/21 16:45:57 myLog.go 53 [pong pong pong ...]
[Heart]2019/10/21 16:46:07 myLog.go 53 [pong pong pong ...]
[Heart]2019/10/21 16:46:17 myLog.go 53 [pong pong pong ...]
[Heart]2019/10/21 16:46:27 myLog.go 53 [pong pong pong ...]
[Heart]2019/10/21 16:46:37 myLog.go 53 [pong pong pong ...]
[Heart]2019/10/21 16:46:47 myLog.go 53 [pong pong pong ...]
[Heart]2019/10/21 16:46:57 myLog.go 53 [pong pong pong ...]
[Heart]2019/10/21 16:47:07 myLog.go 53 [pong pong pong ...]
[Heart]2019/10/21 16:47:17 myLog.go 53 [pong pong pong ...]
[Heart]2019/10/21 16:47:27 myLog.go 53 [pong pong pong ...]
[Heart]2019/10/21 16:47:37 myLog.go 53 [pong pong pong ...]
[Heart]2019/10/21 16:47:47 myLog.go 53 [pong pong pong ...]
[Heart]2019/10/21 16:47:57 myLog.go 53 [pong pong pong ...]
[Heart]2019/10/21 16:48:07 myLog.go 53 [pong pong pong ...]
[Heart]2019/10/21 16:48:17 myLog.go 53 [pong pong pong ...]
[Heart]2019/10/21 16:48:27 myLog.go 53 [pong pong pong ...]
[Heart]2019/10/21 16:48:37 myLog.go 53 [pong pong pong ...]
[Heart]2019/10/21 16:48:47 myLog.go 53 [pong pong pong ...]
[Heart]2019/10/21 16:48:57 myLog.go 53 [pong pong pong ...]
[Heart]2019/10/21 16:49:07 myLog.go 53 [pong pong pong ...]
[Heart]2019/10/21 16:49:17 myLog.go 53 [pong pong pong ...]
[Heart]2019/10/21 16:49:27 myLog.go 53 [pong pong pong ...]
[Heart]2019/10/21 16:49:37 myLog.go 53 [pong pong pong ...]
[Heart]2019/10/21 16:49:47 myLog.go 53 [pong pong pong ...]
[Heart]2019/10/21 16:49:57 myLog.go 53 [pong pong pong ...]
[Heart]2019/10/21 16:50:07 myLog.go 53 [pong pong pong ...]
[Heart]2019/10/21 16:50:17 myLog.go 53 [pong pong pong ...]
[Heart]2019/10/21 16:50:27 myLog.go 53 [pong pong pong ...]
[Heart]2019/10/21 16:50:37 myLog.go 53 [pong pong pong ...]
[Heart]2019/10/21 16:50:47 myLog.go 53 [pong pong pong ...]
[Heart]2019/10/21 16:50:57 myLog.go 53 [pong pong pong ...]
[Heart]2019/10/21 16:51:07 myLog.go 53 [pong pong pong ...]
[Heart]2019/10/21 16:51:17 myLog.go 53 [pong pong pong ...]
[Heart]2019/10/21 16:51:27 myLog.go 53 [pong pong pong ...]
[Heart]2019/10/21 16:51:37 myLog.go 53 [pong pong pong ...]
[Heart]2019/10/21 16:51:47 myLog.go 53 [pong pong pong ...]
[Heart]2019/10/21 16:51:57 myLog.go 53 [pong pong pong ...]
[Heart]2019/10/21 16:52:07 myLog.go 53 [pong pong pong ...]
[Heart]2019/10/21 16:52:17 myLog.go 53 [pong pong pong ...]
[Heart]2019/10/21 16:52:27 myLog.go 53 [pong pong pong ...]
[Heart]2019/10/21 16:52:37 myLog.go 53 [pong pong pong ...]
[Heart]2019/10/21 16:52:47 myLog.go 53 [pong pong pong ...]
[Heart]2019/10/21 16:52:57 myLog.go 53 [pong pong pong ...]
[Heart]2019/10/21 16:53:07 myLog.go 53 [pong pong pong ...]
[Heart]2019/10/21 16:53:17 myLog.go 53 [pong pong pong ...]
[Heart]2019/10/21 16:53:27 myLog.go 53 [pong pong pong ...]
[Heart]2019/10/21 16:53:37 myLog.go 53 [pong pong pong ...]
[Heart]2019/10/21 16:53:47 myLog.go 53 [pong pong pong ...]
[Heart]2019/10/21 16:53:57 myLog.go 53 [pong pong pong ...]
[Heart]2019/10/21 16:54:07 myLog.go 53 [pong pong pong ...]
[Heart]2019/10/21 16:54:17 myLog.go 53 [pong pong pong ...]
[Heart]2019/10/21 16:54:27 myLog.go 53 [pong pong pong ...]
[Heart]2019/10/21 16:54:37 myLog.go 53 [pong pong pong ...]
[Heart]2019/10/21 16:54:47 myLog.go 53 [pong pong pong ...]
[Heart]2019/10/21 16:54:57 myLog.go 53 [pong pong pong ...]
[Heart]2019/10/21 16:55:07 myLog.go 53 [pong pong pong ...]
[Heart]2019/10/21 16:55:17 myLog.go 53 [pong pong pong ...]
[Heart]2019/10/21 16:55:27 myLog.go 53 [pong pong pong ...]
[Heart]2019/10/21 16:55:37 myLog.go 53 [pong pong pong ...]
[Heart]2019/10/21 16:55:47 myLog.go 53 [pong pong pong ...]
[Heart]2019/10/21 16:55:57 myLog.go 53 [pong pong pong ...]
[Heart]2019/10/21 16:56:07 myLog.go 53 [pong pong pong ...]
[Heart]2019/10/21 16:56:17 myLog.go 53 [pong pong pong ...]
[Heart]2019/10/21 16:56:27 myLog.go 53 [pong pong pong ...]
[Heart]2019/10/21 16:56:37 myLog.go 53 [pong pong pong ...]
[Heart]2019/10/21 16:56:47 myLog.go 53 [pong pong pong ...]
[Heart]2019/10/21 16:56:57 myLog.go 53 [pong pong pong ...]
[Heart]2019/10/21 16:57:07 myLog.go 53 [pong pong pong ...]
[Heart]2019/10/21 16:57:17 myLog.go 53 [pong pong pong ...]
[Heart]2019/10/21 16:57:27 myLog.go 53 [pong pong pong ...]
[Heart]2019/10/21 16:57:37 myLog.go 53 [pong pong pong ...]
[Heart]2019/10/21 16:57:47 myLog.go 53 [pong pong pong ...]
[Heart]2019/10/21 16:57:57 myLog.go 53 [pong pong pong ...]
[Heart]2019/10/21 16:58:07 myLog.go 53 [pong pong pong ...]
[Heart]2019/10/21 16:58:17 myLog.go 53 [pong pong pong ...]
[Heart]2019/10/21 16:58:27 myLog.go 53 [pong pong pong ...]
[Heart]2019/10/21 16:58:37 myLog.go 53 [pong pong pong ...]
[Heart]2019/10/21 16:58:47 myLog.go 53 [pong pong pong ...]
[Heart]2019/10/21 16:58:57 myLog.go 53 [pong pong pong ...]
[Heart]2019/10/21 16:59:07 myLog.go 53 [pong pong pong ...]
[Heart]2019/10/21 16:59:17 myLog.go 53 [pong pong pong ...]
[Heart]2019/10/21 16:59:27 myLog.go 53 [pong pong pong ...]
[Heart]2019/10/21 16:59:37 myLog.go 53 [pong pong pong ...]
[Heart]2019/10/21 16:59:47 myLog.go 53 [pong pong pong ...]
[Heart]2019/10/21 16:59:57 myLog.go 53 [pong pong pong ...]
[Heart]2019/10/21 17:00:07 myLog.go 53 [pong pong pong ...]
[Heart]2019/10/21 17:00:17 myLog.go 53 [pong pong pong ...]
[Heart]2019/10/21 17:00:27 myLog.go 53 [pong pong pong ...]
[Heart]2019/10/21 17:00:37 myLog.go 53 [pong pong pong ...]
[Heart]2019/10/21 17:00:47 myLog.go 53 [pong pong pong ...]
[Heart]2019/10/21 17:00:57 myLog.go 53 [pong pong pong ...]
[Heart]2019/10/21 17:01:07 myLog.go 53 [pong pong pong ...]
[Heart]2019/10/21 17:01:17 myLog.go 53 [pong pong pong ...]
[Heart]2019/10/21 17:01:27 myLog.go 53 [pong pong pong ...]
[Heart]2019/10/21 17:01:37 myLog.go 53 [pong pong pong ...]
[Heart]2019/10/21 17:01:47 myLog.go 53 [pong pong pong ...]
[Heart]2019/10/21 17:01:57 myLog.go 53 [pong pong pong ...]
[Heart]2019/10/21 17:02:07 myLog.go 53 [pong pong pong ...]
[Heart]2019/10/21 17:02:17 myLog.go 53 [pong pong pong ...]
[Heart]2019/10/21 17:02:27 myLog.go 53 [pong pong pong ...]
[Heart]2019/10/21 17:02:37 myLog.go 53 [pong pong pong ...]
[Heart]2019/10/21 17:02:47 myLog.go 53 [pong pong pong ...]
[Heart]2019/10/21 17:02:57 myLog.go 53 [pong pong pong ...]
[Heart]2019/10/21 17:03:07 myLog.go 53 [pong pong pong ...]
[Heart]2019/10/21 17:03:17 myLog.go 53 [pong pong pong ...]
[Heart]2019/10/21 17:03:27 myLog.go 53 [pong pong pong ...]
[Heart]2019/10/21 17:03:37 myLog.go 53 [pong pong pong ...]
[Heart]2019/10/21 17:03:47 myLog.go 53 [pong pong pong ...]
[Heart]2019/10/21 17:03:57 myLog.go 53 [pong pong pong ...]
[Heart]2019/10/21 17:04:07 myLog.go 53 [pong pong pong ...]
[Heart]2019/10/21 17:04:17 myLog.go 53 [pong pong pong ...]
[Heart]2019/10/21 17:04:27 myLog.go 53 [pong pong pong ...]
[Heart]2019/10/21 17:04:37 myLog.go 53 [pong pong pong ...]
[Heart]2019/10/21 17:04:47 myLog.go 53 [pong pong pong ...]
[Heart]2019/10/21 17:04:57 myLog.go 53 [pong pong pong ...]
[Heart]2019/10/21 17:05:07 myLog.go 53 [pong pong pong ...]
[Heart]2019/10/21 17:05:17 myLog.go 53 [pong pong pong ...]
[Heart]2019/10/21 17:05:27 myLog.go 53 [pong pong pong ...]
[Heart]2019/10/21 17:05:37 myLog.go 53 [pong pong pong ...]
[Heart]2019/10/21 17:05:47 myLog.go 53 [pong pong pong ...]
[Heart]2019/10/21 17:05:57 myLog.go 53 [pong pong pong ...]
[Heart]2019/10/21 17:06:07 myLog.go 53 [pong pong pong ...]
[Heart]2019/10/21 17:06:17 myLog.go 53 [pong pong pong ...]
[Heart]2019/10/21 17:06:27 myLog.go 53 [pong pong pong ...]
[Heart]2019/10/21 17:06:37 myLog.go 53 [pong pong pong ...]
[Heart]2019/10/21 17:06:47 myLog.go 53 [pong pong pong ...]
[Heart]2019/10/21 17:06:57 myLog.go 53 [pong pong pong ...]
[Heart]2019/10/21 17:07:07 myLog.go 53 [pong pong pong ...]
[Heart]2019/10/21 17:07:17 myLog.go 53 [pong pong pong ...]
[Heart]2019/10/21 17:07:27 myLog.go 53 [pong pong pong ...]
[Heart]2019/10/21 17:07:37 myLog.go 53 [pong pong pong ...]
[Heart]2019/10/21 17:07:47 myLog.go 53 [pong pong pong ...]
[Heart]2019/10/21 17:07:57 myLog.go 53 [pong pong pong ...]
[Heart]2019/10/21 17:08:07 myLog.go 53 [pong pong pong ...]
[Heart]2019/10/21 17:08:17 myLog.go 53 [pong pong pong ...]
[Heart]2019/10/21 17:08:27 myLog.go 53 [pong pong pong ...]
[Heart]2019/10/21 17:08:37 myLog.go 53 [pong pong pong ...]
[Heart]2019/10/21 17:08:47 myLog.go 53 [pong pong pong ...]
[Heart]2019/10/21 17:08:57 myLog.go 53 [pong pong pong ...]
[Heart]2019/10/21 17:09:07 myLog.go 53 [pong pong pong ...]
[Heart]2019/10/21 17:09:17 myLog.go 53 [pong pong pong ...]
[Heart]2019/10/21 17:09:27 myLog.go 53 [pong pong pong ...]
[Heart]2019/10/21 17:09:37 myLog.go 53 [pong pong pong ...]
[Heart]2019/10/21 17:09:47 myLog.go 53 [pong pong pong ...]
[Heart]2019/10/21 17:09:57 myLog.go 53 [pong pong pong ...]
[Heart]2019/10/21 17:10:07 myLog.go 53 [pong pong pong ...]
[Heart]2019/10/21 17:10:17 myLog.go 53 [pong pong pong ...]
[Heart]2019/10/21 17:10:27 myLog.go 53 [pong pong pong ...]
[Heart]2019/10/21 17:10:37 myLog.go 53 [pong pong pong ...]
[Heart]2019/10/21 17:10:47 myLog.go 53 [pong pong pong ...]
[Heart]2019/10/21 17:10:57 myLog.go 53 [pong pong pong ...]
[Heart]2019/10/21 17:11:07 myLog.go 53 [pong pong pong ...]
[Heart]2019/10/21 17:11:17 myLog.go 53 [pong pong pong ...]
[Heart]2019/10/21 17:11:27 myLog.go 53 [pong pong pong ...]
[Heart]2019/10/21 17:11:37 myLog.go 53 [pong pong pong ...]
[Heart]2019/10/21 17:11:47 myLog.go 53 [pong pong pong ...]
[Heart]2019/10/21 17:11:57 myLog.go 53 [pong pong pong ...]
[Heart]2019/10/21 17:12:07 myLog.go 53 [pong pong pong ...]
[Heart]2019/10/21 17:12:17 myLog.go 53 [pong pong pong ...]
[Heart]2019/10/21 17:12:27 myLog.go 53 [pong pong pong ...]
[Heart]2019/10/21 17:12:37 myLog.go 53 [pong pong pong ...]
[Heart]2019/10/21 17:12:47 myLog.go 53 [pong pong pong ...]
[Heart]2019/10/21 17:12:57 myLog.go 53 [pong pong pong ...]
[Heart]2019/10/21 17:13:07 myLog.go 53 [pong pong pong ...]
[Heart]2019/10/21 17:13:17 myLog.go 53 [pong pong pong ...]
[Heart]2019/10/21 17:13:27 myLog.go 53 [pong pong pong ...]
[Heart]2019/10/21 17:13:37 myLog.go 53 [pong pong pong ...]
[Heart]2019/10/21 17:13:47 myLog.go 53 [pong pong pong ...]
[Heart]2019/10/21 17:13:57 myLog.go 53 [pong pong pong ...]
[Heart]2019/10/21 17:14:07 myLog.go 53 [pong pong pong ...]
[Heart]2019/10/21 17:14:17 myLog.go 53 [pong pong pong ...]
[Heart]2019/10/21 17:14:27 myLog.go 53 [pong pong pong ...]
[Heart]2019/10/21 17:14:37 myLog.go 53 [pong pong pong ...]
[Heart]2019/10/21 17:14:47 myLog.go 53 [pong pong pong ...]
[Heart]2019/10/21 17:14:57 myLog.go 53 [pong pong pong ...]
[Heart]2019/10/21 17:15:07 myLog.go 53 [pong pong pong ...]
[Heart]2019/10/21 17:15:17 myLog.go 53 [pong pong pong ...]
[Heart]2019/10/21 17:15:27 myLog.go 53 [pong pong pong ...]
[Heart]2019/10/21 17:15:37 myLog.go 53 [pong pong pong ...]
[Heart]2019/10/21 17:15:47 myLog.go 53 [pong pong pong ...]
[Heart]2019/10/21 17:15:57 myLog.go 53 [pong pong pong ...]
[Heart]2019/10/21 17:16:07 myLog.go 53 [pong pong pong ...]
[Heart]2019/10/21 17:16:17 myLog.go 53 [pong pong pong ...]
[Heart]2019/10/21 17:16:27 myLog.go 53 [pong pong pong ...]
[Heart]2019/10/21 17:16:37 myLog.go 53 [pong pong pong ...]
[Heart]2019/10/21 17:16:47 myLog.go 53 [pong pong pong ...]
[Heart]2019/10/21 17:16:57 myLog.go 53 [pong pong pong ...]
[Heart]2019/10/21 17:17:07 myLog.go 53 [pong pong pong ...]
[Heart]2019/10/21 17:17:17 myLog.go 53 [pong pong pong ...]
[Heart]2019/10/21 17:17:27 myLog.go 53 [pong pong pong ...]
[Heart]2019/10/21 17:17:37 myLog.go 53 [pong pong pong ...]
[Heart]2019/10/21 17:17:47 myLog.go 53 [pong pong pong ...]
[Heart]2019/10/21 17:17:57 myLog.go 53 [pong pong pong ...]
[Heart]2019/10/21 17:18:07 myLog.go 53 [pong pong pong ...]
[Heart]2019/10/21 17:18:17 myLog.go 53 [pong pong pong ...]
[Heart]2019/10/21 17:18:27 myLog.go 53 [pong pong pong ...]
[Heart]2019/10/21 17:18:37 myLog.go 53 [pong pong pong ...]
[Heart]2019/10/21 17:18:47 myLog.go 53 [pong pong pong ...]
[Heart]2019/10/21 17:18:57 myLog.go 53 [pong pong pong ...]
[Heart]2019/10/21 17:19:07 myLog.go 53 [pong pong pong ...]
[Heart]2019/10/21 17:19:17 myLog.go 53 [pong pong pong ...]
[Heart]2019/10/21 17:19:27 myLog.go 53 [pong pong pong ...]
[Heart]2019/10/21 17:19:37 myLog.go 53 [pong pong pong ...]
[Heart]2019/10/21 17:19:47 myLog.go 53 [pong pong pong ...]
[Heart]2019/10/21 17:19:57 myLog.go 53 [pong pong pong ...]
[Heart]2019/10/21 17:20:07 myLog.go 53 [pong pong pong ...]
[Heart]2019/10/21 17:20:17 myLog.go 53 [pong pong pong ...]
[Heart]2019/10/21 17:20:27 myLog.go 53 [pong pong pong ...]
[Heart]2019/10/21 17:20:37 myLog.go 53 [pong pong pong ...]
[Heart]2019/10/21 17:20:47 myLog.go 53 [pong pong pong ...]
[Heart]2019/10/21 17:20:57 myLog.go 53 [pong pong pong ...]
[Heart]2019/10/21 17:21:07 myLog.go 53 [pong pong pong ...]
[Heart]2019/10/21 17:21:17 myLog.go 53 [pong pong pong ...]
[Heart]2019/10/21 17:21:27 myLog.go 53 [pong pong pong ...]
[Heart]2019/10/21 17:21:37 myLog.go 53 [pong pong pong ...]
[Heart]2019/10/21 17:21:47 myLog.go 53 [pong pong pong ...]
[Heart]2019/10/21 17:21:57 myLog.go 53 [pong pong pong ...]
[Heart]2019/10/21 17:22:07 myLog.go 53 [pong pong pong ...]
[Heart]2019/10/21 17:22:17 myLog.go 53 [pong pong pong ...]
[Heart]2019/10/21 17:22:27 myLog.go 53 [pong pong pong ...]
[Heart]2019/10/21 17:22:37 myLog.go 53 [pong pong pong ...]
[Heart]2019/10/21 17:22:47 myLog.go 53 [pong pong pong ...]
[Heart]2019/10/21 17:22:57 myLog.go 53 [pong pong pong ...]
[Heart]2019/10/21 17:23:07 myLog.go 53 [pong pong pong ...]
[Heart]2019/10/21 17:23:17 myLog.go 53 [pong pong pong ...]
[Heart]2019/10/21 17:23:27 myLog.go 53 [pong pong pong ...]
[Heart]2019/10/21 17:23:37 myLog.go 53 [pong pong pong ...]
[Heart]2019/10/21 17:23:47 myLog.go 53 [pong pong pong ...]
[Heart]2019/10/21 17:23:57 myLog.go 53 [pong pong pong ...]
[Heart]2019/10/21 17:24:07 myLog.go 53 [pong pong pong ...]
[Heart]2019/10/21 17:24:17 myLog.go 53 [pong pong pong ...]
[Heart]2019/10/21 17:24:27 myLog.go 53 [pong pong pong ...]
[Heart]2019/10/21 17:24:37 myLog.go 53 [pong pong pong ...]
[Heart]2019/10/21 17:24:47 myLog.go 53 [pong pong pong ...]
[Heart]2019/10/21 17:24:57 myLog.go 53 [pong pong pong ...]
[Heart]2019/10/21 17:25:07 myLog.go 53 [pong pong pong ...]
[Heart]2019/10/21 17:25:17 myLog.go 53 [pong pong pong ...]
[Heart]2019/10/21 17:25:27 myLog.go 53 [pong pong pong ...]
[Heart]2019/10/21 17:25:37 myLog.go 53 [pong pong pong ...]
[Heart]2019/10/21 17:25:47 myLog.go 53 [pong pong pong ...]
[Heart]2019/10/21 17:25:57 myLog.go 53 [pong pong pong ...]
[Heart]2019/10/21 17:26:07 myLog.go 53 [pong pong pong ...]
[Heart]2019/10/21 17:26:17 myLog.go 53 [pong pong pong ...]
[Heart]2019/10/21 17:26:27 myLog.go 53 [pong pong pong ...]
[Heart]2019/10/21 17:26:37 myLog.go 53 [pong pong pong ...]
[Heart]2019/10/21 17:26:47 myLog.go 53 [pong pong pong ...]
[Heart]2019/10/21 17:26:57 myLog.go 53 [pong pong pong ...]
[Heart]2019/10/21 17:27:07 myLog.go 53 [pong pong pong ...]
[Heart]2019/10/21 17:27:17 myLog.go 53 [pong pong pong ...]
[Heart]2019/10/21 17:27:27 myLog.go 53 [pong pong pong ...]
[Heart]2019/10/21 17:27:37 myLog.go 53 [pong pong pong ...]
[Heart]2019/10/21 17:27:47 myLog.go 53 [pong pong pong ...]
[Heart]2019/10/21 17:27:57 myLog.go 53 [pong pong pong ...]
[Heart]2019/10/21 17:28:07 myLog.go 53 [pong pong pong ...]
[Heart]2019/10/21 17:28:17 myLog.go 53 [pong pong pong ...]
[Heart]2019/10/21 17:28:27 myLog.go 53 [pong pong pong ...]
[Heart]2019/10/21 17:28:37 myLog.go 53 [pong pong pong ...]
[Heart]2019/10/21 17:28:47 myLog.go 53 [pong pong pong ...]
[Heart]2019/10/21 17:28:57 myLog.go 53 [pong pong pong ...]
[Heart]2019/10/21 17:29:07 myLog.go 53 [pong pong pong ...]
[Heart]2019/10/21 17:29:17 myLog.go 53 [pong pong pong ...]
[Heart]2019/10/21 17:29:27 myLog.go 53 [pong pong pong ...]
[Heart]2019/10/21 17:29:37 myLog.go 53 [pong pong pong ...]
[Heart]2019/10/21 17:29:47 myLog.go 53 [pong pong pong ...]
[Heart]2019/10/21 17:29:57 myLog.go 53 [pong pong pong ...]
[Heart]2019/10/21 17:30:07 myLog.go 53 [pong pong pong ...]
[Heart]2019/10/21 17:30:17 myLog.go 53 [pong pong pong ...]
[Heart]2019/10/21 17:30:27 myLog.go 53 [pong pong pong ...]
[Heart]2019/10/21 17:30:37 myLog.go 53 [pong pong pong ...]
[Heart]2019/10/21 17:30:47 myLog.go 53 [pong pong pong ...]
[Heart]2019/10/21 17:30:57 myLog.go 53 [pong pong pong ...]
[Heart]2019/10/21 17:31:07 myLog.go 53 [pong pong pong ...]
[Heart]2019/10/21 17:31:17 myLog.go 53 [pong pong pong ...]
[Heart]2019/10/21 17:31:27 myLog.go 53 [pong pong pong ...]
[Heart]2019/10/21 17:31:37 myLog.go 53 [pong pong pong ...]
[Heart]2019/10/21 17:31:47 myLog.go 53 [pong pong pong ...]
[Heart]2019/10/21 17:31:57 myLog.go 53 [pong pong pong ...]
[Heart]2019/10/21 17:32:07 myLog.go 53 [pong pong pong ...]
[Heart]2019/10/21 17:32:17 myLog.go 53 [pong pong pong ...]
[Heart]2019/10/21 17:32:27 myLog.go 53 [pong pong pong ...]
[Heart]2019/10/21 17:32:37 myLog.go 53 [pong pong pong ...]
[Heart]2019/10/21 17:32:47 myLog.go 53 [pong pong pong ...]
[Heart]2019/10/21 17:32:57 myLog.go 53 [pong pong pong ...]
[Heart]2019/10/21 17:33:07 myLog.go 53 [pong pong pong ...]
[Heart]2019/10/21 17:33:17 myLog.go 53 [pong pong pong ...]
[Heart]2019/10/21 17:33:27 myLog.go 53 [pong pong pong ...]
[Heart]2019/10/21 17:33:37 myLog.go 53 [pong pong pong ...]
[Heart]2019/10/21 17:33:47 myLog.go 53 [pong pong pong ...]
[Heart]2019/10/21 17:33:57 myLog.go 53 [pong pong pong ...]
